<?xml version="1.0" encoding="UTF-8"?>
<!-- Generated by org.testng.reporters.JUnitXMLReporter -->
<testsuite hostname="USER-20170725RR" name="Test" tests="111" failures="10" timestamp="13 Mar 2018 08:21:36 GMT" time="538.943" errors="0">
  <testcase name="testcase" time="0.0" classname="Sprog.NewTest">
    <failure type="java.lang.NullPointerException">
      <![CDATA[java.lang.NullPointerException
	at Sprog.Base.dealData(Base.java:367)
	at Sprog.NewTest.testcase(NewTest.java:13)
... Removed 27 stack frames]]>
    </failure>
  </testcase> <!-- testcase -->
  <testcase name="testcase" time="3.053" classname="Sprog.NewTest"/>
  <testcase name="testcase" time="6.896" classname="Sprog.NewTest"/>
  <testcase name="testcase" time="1.469" classname="Sprog.NewTest"/>
  <testcase name="testcase" time="7.042" classname="Sprog.NewTest"/>
  <testcase name="testcase" time="1.056" classname="Sprog.NewTest"/>
  <testcase name="testcase" time="7.837" classname="Sprog.NewTest">
    <failure type="java.lang.AssertionError" message="expected [true] but found [false]">
      <![CDATA[java.lang.AssertionError: expected [true] but found [false]
	at Sprog.Base.findEl(Base.java:228)
	at Sprog.Base.dealData(Base.java:400)
	at Sprog.NewTest.testcase(NewTest.java:13)
... Removed 31 stack frames]]>
    </failure>
  </testcase> <!-- testcase -->
  <testcase name="testcase" time="9.895" classname="Sprog.NewTest">
    <failure type="java.lang.AssertionError" message="expected [true] but found [false]">
      <![CDATA[java.lang.AssertionError: expected [true] but found [false]
	at Sprog.Base.findEl(Base.java:228)
	at Sprog.Base.dealData(Base.java:400)
	at Sprog.NewTest.testcase(NewTest.java:13)
... Removed 31 stack frames]]>
    </failure>
  </testcase> <!-- testcase -->
  <testcase name="testcase" time="5.356" classname="Sprog.NewTest">
    <failure type="java.lang.AssertionError" message="expected [true] but found [false]">
      <![CDATA[java.lang.AssertionError: expected [true] but found [false]
	at Sprog.Base.findEl(Base.java:228)
	at Sprog.Base.dealData(Base.java:391)
	at Sprog.NewTest.testcase(NewTest.java:13)
... Removed 31 stack frames]]>
    </failure>
  </testcase> <!-- testcase -->
  <testcase name="testcase" time="3.232" classname="Sprog.NewTest"/>
  <testcase name="testcase" time="5.034" classname="Sprog.NewTest">
    <failure type="java.lang.AssertionError" message="expected [true] but found [false]">
      <![CDATA[java.lang.AssertionError: expected [true] but found [false]
	at Sprog.Base.findEl(Base.java:228)
	at Sprog.Base.dealData(Base.java:391)
	at Sprog.NewTest.testcase(NewTest.java:13)
... Removed 31 stack frames]]>
    </failure>
  </testcase> <!-- testcase -->
  <testcase name="testcase" time="5.262" classname="Sprog.NewTest">
    <failure type="java.lang.AssertionError" message="expected [true] but found [false]">
      <![CDATA[java.lang.AssertionError: expected [true] but found [false]
	at Sprog.Base.findEl(Base.java:228)
	at Sprog.Base.dealData(Base.java:391)
	at Sprog.NewTest.testcase(NewTest.java:13)
... Removed 31 stack frames]]>
    </failure>
  </testcase> <!-- testcase -->
  <testcase name="testcase" time="14.495" classname="Sprog.NewTest"/>
  <testcase name="testcase" time="1.503" classname="Sprog.NewTest"/>
  <testcase name="testcase" time="6.376" classname="Sprog.NewTest"/>
  <testcase name="testcase" time="1.584" classname="Sprog.NewTest"/>
  <testcase name="testcase" time="6.875" classname="Sprog.NewTest"/>
  <testcase name="testcase" time="1.968" classname="Sprog.NewTest"/>
  <testcase name="testcase" time="6.748" classname="Sprog.NewTest">
    <failure type="java.lang.AssertionError" message="expected [true] but found [false]">
      <![CDATA[java.lang.AssertionError: expected [true] but found [false]
	at Sprog.Base.findEl(Base.java:228)
	at Sprog.Base.dealData(Base.java:400)
	at Sprog.NewTest.testcase(NewTest.java:13)
... Removed 30 stack frames]]>
    </failure>
  </testcase> <!-- testcase -->
  <testcase name="testcase" time="6.556" classname="Sprog.NewTest">
    <failure type="java.lang.AssertionError" message="expected [true] but found [false]">
      <![CDATA[java.lang.AssertionError: expected [true] but found [false]
	at Sprog.Base.findEl(Base.java:228)
	at Sprog.Base.dealData(Base.java:400)
	at Sprog.NewTest.testcase(NewTest.java:13)
... Removed 30 stack frames]]>
    </failure>
  </testcase> <!-- testcase -->
  <testcase name="testcase" time="5.559" classname="Sprog.NewTest">
    <failure type="java.lang.AssertionError" message="expected [true] but found [false]">
      <![CDATA[java.lang.AssertionError: expected [true] but found [false]
	at Sprog.Base.findEl(Base.java:228)
	at Sprog.Base.dealData(Base.java:391)
	at Sprog.NewTest.testcase(NewTest.java:13)
... Removed 30 stack frames]]>
    </failure>
  </testcase> <!-- testcase -->
  <testcase name="testcase" time="7.641" classname="Sprog.NewTest">
    <failure type="java.lang.AssertionError" message="expected [true] but found [false]">
      <![CDATA[java.lang.AssertionError: expected [true] but found [false]
	at Sprog.Base.findEl(Base.java:228)
	at Sprog.Base.dealData(Base.java:391)
	at Sprog.NewTest.testcase(NewTest.java:13)
... Removed 30 stack frames]]>
    </failure>
  </testcase> <!-- testcase -->
  <testcase name="testcase" time="4.266" classname="Sprog.NewTest"/>
  <testcase name="testcase" time="0.988" classname="Sprog.NewTest"/>
  <testcase name="testcase" time="2.186" classname="Sprog.NewTest"/>
  <testcase name="testcase" time="8.598" classname="Sprog.NewTest"/>
  <testcase name="testcase" time="6.854" classname="Sprog.NewTest"/>
  <testcase name="testcase" time="2.169" classname="Sprog.NewTest"/>
  <testcase name="testcase" time="7.765" classname="Sprog.NewTest"/>
  <testcase name="testcase" time="6.425" classname="Sprog.NewTest"/>
  <testcase name="testcase" time="1.961" classname="Sprog.NewTest"/>
  <testcase name="testcase" time="2.488" classname="Sprog.NewTest"/>
  <testcase name="testcase" time="2.218" classname="Sprog.NewTest"/>
  <testcase name="testcase" time="1.673" classname="Sprog.NewTest"/>
  <testcase name="testcase" time="10.509" classname="Sprog.NewTest"/>
  <testcase name="testcase" time="5.73" classname="Sprog.NewTest"/>
  <testcase name="testcase" time="1.744" classname="Sprog.NewTest"/>
  <testcase name="testcase" time="11.478" classname="Sprog.NewTest"/>
  <testcase name="testcase" time="5.006" classname="Sprog.NewTest"/>
  <testcase name="testcase" time="1.702" classname="Sprog.NewTest"/>
  <testcase name="testcase" time="10.944" classname="Sprog.NewTest"/>
  <testcase name="testcase" time="5.894" classname="Sprog.NewTest"/>
  <testcase name="testcase" time="1.808" classname="Sprog.NewTest"/>
  <testcase name="testcase" time="1.559" classname="Sprog.NewTest"/>
  <testcase name="testcase" time="1.883" classname="Sprog.NewTest"/>
  <testcase name="testcase" time="2.108" classname="Sprog.NewTest"/>
  <testcase name="testcase" time="1.2" classname="Sprog.NewTest"/>
  <testcase name="testcase" time="1.98" classname="Sprog.NewTest"/>
  <testcase name="testcase" time="2.295" classname="Sprog.NewTest"/>
  <testcase name="testcase" time="1.624" classname="Sprog.NewTest"/>
  <testcase name="testcase" time="6.737" classname="Sprog.NewTest"/>
  <testcase name="testcase" time="5.837" classname="Sprog.NewTest"/>
  <testcase name="testcase" time="2.633" classname="Sprog.NewTest"/>
  <testcase name="testcase" time="1.512" classname="Sprog.NewTest"/>
  <testcase name="testcase" time="2.416" classname="Sprog.NewTest"/>
  <testcase name="testcase" time="3.164" classname="Sprog.NewTest"/>
  <testcase name="testcase" time="2.038" classname="Sprog.NewTest"/>
  <testcase name="testcase" time="3.637" classname="Sprog.NewTest"/>
  <testcase name="testcase" time="5.397" classname="Sprog.NewTest"/>
  <testcase name="testcase" time="0.979" classname="Sprog.NewTest"/>
  <testcase name="testcase" time="3.305" classname="Sprog.NewTest"/>
  <testcase name="testcase" time="2.059" classname="Sprog.NewTest"/>
  <testcase name="testcase" time="1.764" classname="Sprog.NewTest"/>
  <testcase name="testcase" time="4.037" classname="Sprog.NewTest"/>
  <testcase name="testcase" time="0.608" classname="Sprog.NewTest"/>
  <testcase name="testcase" time="4.018" classname="Sprog.NewTest"/>
  <testcase name="testcase" time="8.542" classname="Sprog.NewTest"/>
  <testcase name="testcase" time="1.008" classname="Sprog.NewTest"/>
  <testcase name="testcase" time="7.57" classname="Sprog.NewTest"/>
  <testcase name="testcase" time="2.202" classname="Sprog.NewTest"/>
  <testcase name="testcase" time="1.399" classname="Sprog.NewTest"/>
  <testcase name="testcase" time="7.461" classname="Sprog.NewTest"/>
  <testcase name="testcase" time="1.407" classname="Sprog.NewTest"/>
  <testcase name="testcase" time="1.586" classname="Sprog.NewTest"/>
  <testcase name="testcase" time="13.894" classname="Sprog.NewTest"/>
  <testcase name="testcase" time="1.097" classname="Sprog.NewTest"/>
  <testcase name="testcase" time="6.523" classname="Sprog.NewTest"/>
  <testcase name="testcase" time="1.26" classname="Sprog.NewTest"/>
  <testcase name="testcase" time="7.055" classname="Sprog.NewTest"/>
  <testcase name="testcase" time="1.86" classname="Sprog.NewTest"/>
  <testcase name="testcase" time="5.745" classname="Sprog.NewTest"/>
  <testcase name="testcase" time="0.801" classname="Sprog.NewTest"/>
  <testcase name="testcase" time="2.292" classname="Sprog.NewTest"/>
  <testcase name="testcase" time="2.064" classname="Sprog.NewTest"/>
  <testcase name="testcase" time="8.574" classname="Sprog.NewTest"/>
  <testcase name="testcase" time="6.343" classname="Sprog.NewTest"/>
  <testcase name="testcase" time="3.048" classname="Sprog.NewTest"/>
  <testcase name="testcase" time="1.309" classname="Sprog.NewTest"/>
  <testcase name="testcase" time="4.06" classname="Sprog.NewTest"/>
  <testcase name="testcase" time="8.353" classname="Sprog.NewTest"/>
  <testcase name="testcase" time="8.382" classname="Sprog.NewTest"/>
  <testcase name="testcase" time="6.985" classname="Sprog.NewTest"/>
  <testcase name="testcase" time="1.859" classname="Sprog.NewTest"/>
  <testcase name="testcase" time="7.768" classname="Sprog.NewTest"/>
  <testcase name="testcase" time="5.97" classname="Sprog.NewTest"/>
  <testcase name="testcase" time="7.866" classname="Sprog.NewTest"/>
  <testcase name="testcase" time="1.657" classname="Sprog.NewTest"/>
  <testcase name="testcase" time="7.916" classname="Sprog.NewTest"/>
  <testcase name="testcase" time="11.445" classname="Sprog.NewTest"/>
  <testcase name="testcase" time="7.419" classname="Sprog.NewTest"/>
  <testcase name="testcase" time="1.643" classname="Sprog.NewTest"/>
  <testcase name="testcase" time="8.023" classname="Sprog.NewTest"/>
  <testcase name="testcase" time="8.168" classname="Sprog.NewTest"/>
  <testcase name="testcase" time="9.515" classname="Sprog.NewTest"/>
  <testcase name="testcase" time="1.67" classname="Sprog.NewTest"/>
  <testcase name="testcase" time="9.462" classname="Sprog.NewTest"/>
  <testcase name="testcase" time="2.794" classname="Sprog.NewTest"/>
  <testcase name="testcase" time="1.618" classname="Sprog.NewTest"/>
  <testcase name="testcase" time="1.499" classname="Sprog.NewTest"/>
  <testcase name="testcase" time="9.204" classname="Sprog.NewTest"/>
  <testcase name="testcase" time="13.001" classname="Sprog.NewTest"/>
</testsuite> <!-- Test -->
