<?xml version="1.0" encoding="UTF-8"?>
<testng-results skipped="0" failed="0" total="1" passed="1">
  <reporter-output>
  </reporter-output>
  <suite name="Suite" duration-ms="325" started-at="2018-02-28T06:36:51Z" finished-at="2018-02-28T06:36:52Z">
    <groups>
    </groups>
    <test name="Test" duration-ms="325" started-at="2018-02-28T06:36:51Z" finished-at="2018-02-28T06:36:52Z">
      <class name="Sprog.datatest">
        <test-method status="PASS" signature="f()[pri:0, instance:Sprog.datatest@5b87ed94]" name="f" duration-ms="308" started-at="2018-02-28T14:36:51Z" finished-at="2018-02-28T14:36:52Z">
          <reporter-output>
          </reporter-output>
        </test-method> <!-- f -->
      </class> <!-- Sprog.datatest -->
    </test> <!-- Test -->
  </suite> <!-- Suite -->
</testng-results>
