<?xml version="1.0" encoding="UTF-8"?>
<testng-results skipped="0" failed="10" total="111" passed="101">
  <reporter-output>
    <line>
      <![CDATA[在：2018-03-13 16:12:54:911isFail的状态：true]]>
    </line>
    <line>
      <![CDATA[在：2018-03-13 16:12:57:964点击了按钮：com.thetiger.ziwork:id/novice_gift_tv]]>
    </line>
    <line>
      <![CDATA[在：2018-03-13 16:12:57:964isFail的状态：true]]>
    </line>
    <line>
      <![CDATA[在：2018-03-13 16:13:04:861isFail的状态：true]]>
    </line>
    <line>
      <![CDATA[在：2018-03-13 16:13:06:331点击了按钮：com.thetiger.ziwork:id/action_tv]]>
    </line>
    <line>
      <![CDATA[在：2018-03-13 16:13:06:331isFail的状态：true]]>
    </line>
    <line>
      <![CDATA[在：2018-03-13 16:13:13:373输入了内容]]>
    </line>
    <line>
      <![CDATA[在：2018-03-13 16:13:13:374isFail的状态：true]]>
    </line>
    <line>
      <![CDATA[在：2018-03-13 16:13:14:429点击了按钮：com.thetiger.ziwork:id/login_phone_tv]]>
    </line>
    <line>
      <![CDATA[在：2018-03-13 16:13:14:430isFail的状态：true]]>
    </line>
    <line>
      <![CDATA[在：2018-03-13 16:13:22:268控件：com.thetiger.ziwork:id/edit_et不存在]]>
    </line>
    <line>
      <![CDATA[在：2018-03-13 16:13:22:268isFail的状态：true]]>
    </line>
    <line>
      <![CDATA[在：2018-03-13 16:13:32:163控件：//android.widget.EditText[@text='如：文案达人']不存在]]>
    </line>
    <line>
      <![CDATA[在：2018-03-13 16:13:32:163isFail的状态：true]]>
    </line>
    <line>
      <![CDATA[在：2018-03-13 16:13:37:519控件：com.thetiger.ziwork:id/submit_tv不存在]]>
    </line>
    <line>
      <![CDATA[在：2018-03-13 16:13:37:537isFail的状态：true]]>
    </line>
    <line>
      <![CDATA[在：2018-03-13 16:13:40:769通过坐标点击]]>
    </line>
    <line>
      <![CDATA[在：2018-03-13 16:13:40:771isFail的状态：true]]>
    </line>
    <line>
      <![CDATA[在：2018-03-13 16:13:45:805控件：com.thetiger.ziwork:id/guide_target_view不存在]]>
    </line>
    <line>
      <![CDATA[在：2018-03-13 16:13:45:807isFail的状态：true]]>
    </line>
    <line>
      <![CDATA[在：2018-03-13 16:13:51:070控件：com.thetiger.ziwork:id/guide_bottom_ly不存在]]>
    </line>
    <line>
      <![CDATA[在：2018-03-13 16:13:51:070isFail的状态：true]]>
    </line>
    <line>
      <![CDATA[在：2018-03-13 16:14:03:565重启了app]]>
    </line>
    <line>
      <![CDATA[在：2018-03-13 16:14:05:566isFail的状态：true]]>
    </line>
    <line>
      <![CDATA[在：2018-03-13 16:14:07:071点击了按钮：com.thetiger.ziwork:id/novice_gift_tv]]>
    </line>
    <line>
      <![CDATA[在：2018-03-13 16:14:07:072isFail的状态：true]]>
    </line>
    <line>
      <![CDATA[在：2018-03-13 16:14:13:450isFail的状态：true]]>
    </line>
    <line>
      <![CDATA[在：2018-03-13 16:14:15:033点击了按钮：com.thetiger.ziwork:id/action_tv]]>
    </line>
    <line>
      <![CDATA[在：2018-03-13 16:14:15:036isFail的状态：true]]>
    </line>
    <line>
      <![CDATA[在：2018-03-13 16:14:21:911输入了内容]]>
    </line>
    <line>
      <![CDATA[在：2018-03-13 16:14:21:911isFail的状态：true]]>
    </line>
    <line>
      <![CDATA[在：2018-03-13 16:14:23:879点击了按钮：com.thetiger.ziwork:id/login_phone_tv]]>
    </line>
    <line>
      <![CDATA[在：2018-03-13 16:14:23:880isFail的状态：true]]>
    </line>
    <line>
      <![CDATA[在：2018-03-13 16:14:30:627控件：com.thetiger.ziwork:id/edit_et不存在]]>
    </line>
    <line>
      <![CDATA[在：2018-03-13 16:14:30:629isFail的状态：true]]>
    </line>
    <line>
      <![CDATA[在：2018-03-13 16:14:37:185控件：//android.widget.EditText[@text='如：文案达人']不存在]]>
    </line>
    <line>
      <![CDATA[在：2018-03-13 16:14:37:185isFail的状态：true]]>
    </line>
    <line>
      <![CDATA[在：2018-03-13 16:14:42:743控件：com.thetiger.ziwork:id/submit_tv不存在]]>
    </line>
    <line>
      <![CDATA[在：2018-03-13 16:14:42:745isFail的状态：true]]>
    </line>
    <line>
      <![CDATA[在：2018-03-13 16:14:50:386控件：//android.widget.ImageButton[@content-desc='转到上一层级']不存在]]>
    </line>
    <line>
      <![CDATA[在：2018-03-13 16:14:50:387isFail的状态：true]]>
    </line>
    <line>
      <![CDATA[在：2018-03-13 16:14:54:654isFail的状态：true]]>
    </line>
    <line>
      <![CDATA[在：2018-03-13 16:14:55:641点击了按钮：com.thetiger.ziwork:id/main_tab_purchased]]>
    </line>
    <line>
      <![CDATA[在：2018-03-13 16:14:55:643isFail的状态：true]]>
    </line>
    <line>
      <![CDATA[在：2018-03-13 16:14:57:829点击了按钮：com.thetiger.ziwork:id/empty_action_tv]]>
    </line>
    <line>
      <![CDATA[在：2018-03-13 16:14:57:829isFail的状态：true]]>
    </line>
    <line>
      <![CDATA[在：2018-03-13 16:15:06:426点击了按钮：//android.widget.ImageButton[@content-desc='转到上一层级']]]>
    </line>
    <line>
      <![CDATA[在：2018-03-13 16:15:06:427isFail的状态：true]]>
    </line>
    <line>
      <![CDATA[在：2018-03-13 16:15:13:282点击了按钮：//android.widget.RadioButton[@text='书']]]>
    </line>
    <line>
      <![CDATA[在：2018-03-13 16:15:13:282isFail的状态：true]]>
    </line>
    <line>
      <![CDATA[在：2018-03-13 16:15:15:450点击了按钮：com.thetiger.ziwork:id/empty_action_tv]]>
    </line>
    <line>
      <![CDATA[在：2018-03-13 16:15:15:452isFail的状态：true]]>
    </line>
    <line>
      <![CDATA[在：2018-03-13 16:15:23:217点击了按钮：//android.widget.ImageButton[@content-desc='转到上一层级']]]>
    </line>
    <line>
      <![CDATA[在：2018-03-13 16:15:23:217isFail的状态：true]]>
    </line>
    <line>
      <![CDATA[在：2018-03-13 16:15:29:642点击了按钮：//android.widget.RadioButton[@text='约见']]]>
    </line>
    <line>
      <![CDATA[在：2018-03-13 16:15:29:643isFail的状态：true]]>
    </line>
    <line>
      <![CDATA[在：2018-03-13 16:15:31:604点击了按钮：com.thetiger.ziwork:id/empty_action_tv]]>
    </line>
    <line>
      <![CDATA[在：2018-03-13 16:15:31:604isFail的状态：true]]>
    </line>
    <line>
      <![CDATA[在：2018-03-13 16:15:34:092点击了按钮：com.thetiger.ziwork:id/main_tab_mine]]>
    </line>
    <line>
      <![CDATA[在：2018-03-13 16:15:34:092isFail的状态：true]]>
    </line>
    <line>
      <![CDATA[在：2018-03-13 16:15:36:310点击了按钮：com.thetiger.ziwork:id/collection_siv]]>
    </line>
    <line>
      <![CDATA[在：2018-03-13 16:15:36:311isFail的状态：true]]>
    </line>
    <line>
      <![CDATA[在：2018-03-13 16:15:37:984点击了按钮：com.thetiger.ziwork:id/empty_action_tv]]>
    </line>
    <line>
      <![CDATA[在：2018-03-13 16:15:37:984isFail的状态：true]]>
    </line>
    <line>
      <![CDATA[在：2018-03-13 16:15:48:493点击了按钮：//android.widget.ImageButton[@content-desc='转到上一层级']]]>
    </line>
    <line>
      <![CDATA[在：2018-03-13 16:15:48:493isFail的状态：true]]>
    </line>
    <line>
      <![CDATA[在：2018-03-13 16:15:54:223点击了按钮：//android.widget.RadioButton[@text='小课']]]>
    </line>
    <line>
      <![CDATA[在：2018-03-13 16:15:54:224isFail的状态：true]]>
    </line>
    <line>
      <![CDATA[在：2018-03-13 16:15:55:967点击了按钮：com.thetiger.ziwork:id/empty_action_tv]]>
    </line>
    <line>
      <![CDATA[在：2018-03-13 16:15:55:968isFail的状态：true]]>
    </line>
    <line>
      <![CDATA[在：2018-03-13 16:16:07:447点击了按钮：//android.widget.ImageButton[@content-desc='转到上一层级']]]>
    </line>
    <line>
      <![CDATA[在：2018-03-13 16:16:07:447isFail的状态：true]]>
    </line>
    <line>
      <![CDATA[在：2018-03-13 16:16:12:453点击了按钮：//android.widget.RadioButton[@text='书']]]>
    </line>
    <line>
      <![CDATA[在：2018-03-13 16:16:12:453isFail的状态：true]]>
    </line>
    <line>
      <![CDATA[在：2018-03-13 16:16:14:155点击了按钮：com.thetiger.ziwork:id/empty_action_tv]]>
    </line>
    <line>
      <![CDATA[在：2018-03-13 16:16:14:155isFail的状态：true]]>
    </line>
    <line>
      <![CDATA[在：2018-03-13 16:16:25:099点击了按钮：//android.widget.ImageButton[@content-desc='转到上一层级']]]>
    </line>
    <line>
      <![CDATA[在：2018-03-13 16:16:25:099isFail的状态：true]]>
    </line>
    <line>
      <![CDATA[在：2018-03-13 16:16:30:994点击了按钮：//android.widget.ImageButton[@content-desc='转到上一层级']]]>
    </line>
    <line>
      <![CDATA[在：2018-03-13 16:16:30:995isFail的状态：true]]>
    </line>
    <line>
      <![CDATA[在：2018-03-13 16:16:32:803点击了按钮：com.thetiger.ziwork:id/listened_history_siv]]>
    </line>
    <line>
      <![CDATA[在：2018-03-13 16:16:32:803isFail的状态：true]]>
    </line>
    <line>
      <![CDATA[在：2018-03-13 16:16:34:360点击了按钮：com.thetiger.ziwork:id/empty_action_tv]]>
    </line>
    <line>
      <![CDATA[在：2018-03-13 16:16:34:363isFail的状态：true]]>
    </line>
    <line>
      <![CDATA[在：2018-03-13 16:16:36:245点击了按钮：com.thetiger.ziwork:id/main_tab_mine]]>
    </line>
    <line>
      <![CDATA[在：2018-03-13 16:16:36:247isFail的状态：true]]>
    </line>
    <line>
      <![CDATA[在：2018-03-13 16:16:38:355点击了按钮：com.thetiger.ziwork:id/message_center_siv]]>
    </line>
    <line>
      <![CDATA[在：2018-03-13 16:16:38:357isFail的状态：true]]>
    </line>
    <line>
      <![CDATA[在：2018-03-13 16:16:39:556点击了按钮：com.thetiger.ziwork:id/stroll_tv]]>
    </line>
    <line>
      <![CDATA[在：2018-03-13 16:16:39:558isFail的状态：true]]>
    </line>
    <line>
      <![CDATA[在：2018-03-13 16:16:41:538点击了按钮：com.thetiger.ziwork:id/main_tab_mine]]>
    </line>
    <line>
      <![CDATA[在：2018-03-13 16:16:41:538isFail的状态：true]]>
    </line>
    <line>
      <![CDATA[在：2018-03-13 16:16:43:833点击了按钮：com.thetiger.ziwork:id/my_service_siv]]>
    </line>
    <line>
      <![CDATA[在：2018-03-13 16:16:43:835isFail的状态：true]]>
    </line>
    <line>
      <![CDATA[在：2018-03-13 16:16:45:459点击了按钮：com.thetiger.ziwork:id/empty_action_tv]]>
    </line>
    <line>
      <![CDATA[在：2018-03-13 16:16:45:459isFail的状态：true]]>
    </line>
    <line>
      <![CDATA[在：2018-03-13 16:16:52:195点击了按钮：//android.widget.ImageButton[@content-desc='转到上一层级']]]>
    </line>
    <line>
      <![CDATA[在：2018-03-13 16:16:52:196isFail的状态：true]]>
    </line>
    <line>
      <![CDATA[在：2018-03-13 16:16:58:034点击了按钮：//android.widget.ImageButton[@content-desc='转到上一层级']]]>
    </line>
    <line>
      <![CDATA[在：2018-03-13 16:16:58:034isFail的状态：true]]>
    </line>
    <line>
      <![CDATA[在：2018-03-13 16:17:00:667点击了按钮：com.thetiger.ziwork:id/appointment_me_siv]]>
    </line>
    <line>
      <![CDATA[在：2018-03-13 16:17:00:668isFail的状态：true]]>
    </line>
    <line>
      <![CDATA[在：2018-03-13 16:17:02:181点击了按钮：com.thetiger.ziwork:id/empty_action_tv]]>
    </line>
    <line>
      <![CDATA[在：2018-03-13 16:17:02:181isFail的状态：true]]>
    </line>
    <line>
      <![CDATA[在：2018-03-13 16:17:04:597点击了按钮：com.thetiger.ziwork:id/home_middle_banner]]>
    </line>
    <line>
      <![CDATA[在：2018-03-13 16:17:04:598isFail的状态：true]]>
    </line>
    <line>
      <![CDATA[在：2018-03-13 16:17:07:762通过坐标点击]]>
    </line>
    <line>
      <![CDATA[在：2018-03-13 16:17:07:763isFail的状态：true]]>
    </line>
    <line>
      <![CDATA[在：2018-03-13 16:17:09:802点击了按钮：com.thetiger.ziwork:id/guide_target_view]]>
    </line>
    <line>
      <![CDATA[在：2018-03-13 16:17:09:803isFail的状态：true]]>
    </line>
    <line>
      <![CDATA[在：2018-03-13 16:17:13:439点击了按钮：com.thetiger.ziwork:id/guide_bottom_ly]]>
    </line>
    <line>
      <![CDATA[在：2018-03-13 16:17:13:440isFail的状态：true]]>
    </line>
    <line>
      <![CDATA[在：2018-03-13 16:17:18:837点击了按钮：com.thetiger.ziwork:id/course_back_iv]]>
    </line>
    <line>
      <![CDATA[在：2018-03-13 16:17:18:838isFail的状态：true]]>
    </line>
    <line>
      <![CDATA[在：2018-03-13 16:17:19:817点击了按钮：com.thetiger.ziwork:id/course_back_iv]]>
    </line>
    <line>
      <![CDATA[在：2018-03-13 16:17:19:817isFail的状态：true]]>
    </line>
    <line>
      <![CDATA[在：2018-03-13 16:17:23:122点击了按钮：com.thetiger.ziwork:id/main_tab_mine]]>
    </line>
    <line>
      <![CDATA[在：2018-03-13 16:17:23:123isFail的状态：true]]>
    </line>
    <line>
      <![CDATA[在：2018-03-13 16:17:25:182点击了按钮：com.thetiger.ziwork:id/zike_info_container]]>
    </line>
    <line>
      <![CDATA[在：2018-03-13 16:17:25:183isFail的状态：true]]>
    </line>
    <line>
      <![CDATA[在：2018-03-13 16:17:26:947点击了按钮：com.thetiger.ziwork:id/belong_city_siv]]>
    </line>
    <line>
      <![CDATA[在：2018-03-13 16:17:26:947isFail的状态：true]]>
    </line>
    <line>
      <![CDATA[在：2018-03-13 16:17:31:000点击了按钮：com.thetiger.ziwork:id/confirm]]>
    </line>
    <line>
      <![CDATA[在：2018-03-13 16:17:31:000isFail的状态：true]]>
    </line>
    <line>
      <![CDATA[在：2018-03-13 16:17:31:608点击了按钮：com.thetiger.ziwork:id/work_time_siv]]>
    </line>
    <line>
      <![CDATA[在：2018-03-13 16:17:31:608isFail的状态：true]]>
    </line>
    <line>
      <![CDATA[在：2018-03-13 16:17:35:611点击了按钮：com.thetiger.ziwork:id/confirm]]>
    </line>
    <line>
      <![CDATA[在：2018-03-13 16:17:35:627isFail的状态：true]]>
    </line>
    <line>
      <![CDATA[在：2018-03-13 16:17:44:169点击了按钮：//android.widget.TextView[@text='设计']]]>
    </line>
    <line>
      <![CDATA[在：2018-03-13 16:17:44:170isFail的状态：true]]>
    </line>
    <line>
      <![CDATA[在：2018-03-13 16:17:45:162点击了按钮：com.thetiger.ziwork:id/click_to_select_tv]]>
    </line>
    <line>
      <![CDATA[在：2018-03-13 16:17:45:178isFail的状态：true]]>
    </line>
    <line>
      <![CDATA[在：2018-03-13 16:17:52:748点击了按钮：//android.widget.TextView[@text='UI']]]>
    </line>
    <line>
      <![CDATA[在：2018-03-13 16:17:52:748isFail的状态：true]]>
    </line>
    <line>
      <![CDATA[在：2018-03-13 16:17:54:949点击了按钮：com.thetiger.ziwork:id/confirm_tv]]>
    </line>
    <line>
      <![CDATA[在：2018-03-13 16:17:54:950isFail的状态：true]]>
    </line>
    <line>
      <![CDATA[在：2018-03-13 16:17:56:349点击了按钮：com.thetiger.ziwork:id/menu_common]]>
    </line>
    <line>
      <![CDATA[在：2018-03-13 16:17:56:364isFail的状态：true]]>
    </line>
    <line>
      <![CDATA[在：2018-03-13 16:18:03:825输入了内容]]>
    </line>
    <line>
      <![CDATA[在：2018-03-13 16:18:03:825isFail的状态：true]]>
    </line>
    <line>
      <![CDATA[在：2018-03-13 16:18:05:232点击了按钮：com.thetiger.ziwork:id/menu_common]]>
    </line>
    <line>
      <![CDATA[在：2018-03-13 16:18:05:232isFail的状态：true]]>
    </line>
    <line>
      <![CDATA[在：2018-03-13 16:18:06:818点击了按钮：com.thetiger.ziwork:id/next_browse_action_tv]]>
    </line>
    <line>
      <![CDATA[在：2018-03-13 16:18:06:818isFail的状态：true]]>
    </line>
    <line>
      <![CDATA[在：2018-03-13 16:18:18:712重启了app]]>
    </line>
    <line>
      <![CDATA[在：2018-03-13 16:18:20:713isFail的状态：true]]>
    </line>
    <line>
      <![CDATA[在：2018-03-13 16:18:21:810点击了按钮：com.thetiger.ziwork:id/phone_login_tv]]>
    </line>
    <line>
      <![CDATA[在：2018-03-13 16:18:21:811isFail的状态：true]]>
    </line>
    <line>
      <![CDATA[在：2018-03-13 16:18:28:334输入了内容]]>
    </line>
    <line>
      <![CDATA[在：2018-03-13 16:18:28:334isFail的状态：true]]>
    </line>
    <line>
      <![CDATA[在：2018-03-13 16:18:29:594点击了按钮：com.thetiger.ziwork:id/action_tv]]>
    </line>
    <line>
      <![CDATA[在：2018-03-13 16:18:29:594isFail的状态：true]]>
    </line>
    <line>
      <![CDATA[在：2018-03-13 16:18:36:650输入了内容]]>
    </line>
    <line>
      <![CDATA[在：2018-03-13 16:18:36:650isFail的状态：true]]>
    </line>
    <line>
      <![CDATA[在：2018-03-13 16:18:38:510点击了按钮：com.thetiger.ziwork:id/login_phone_tv]]>
    </line>
    <line>
      <![CDATA[在：2018-03-13 16:18:38:510isFail的状态：true]]>
    </line>
    <line>
      <![CDATA[在：2018-03-13 16:18:44:256isFail的状态：true]]>
    </line>
    <line>
      <![CDATA[在：2018-03-13 16:18:45:058点击了按钮：com.thetiger.ziwork:id/zike_entry]]>
    </line>
    <line>
      <![CDATA[在：2018-03-13 16:18:45:058isFail的状态：true]]>
    </line>
    <line>
      <![CDATA[在：2018-03-13 16:18:47:350点击了按钮：com.thetiger.ziwork:id/main_tab_home]]>
    </line>
    <line>
      <![CDATA[在：2018-03-13 16:18:47:350isFail的状态：true]]>
    </line>
    <line>
      <![CDATA[在：2018-03-13 16:18:49:413点击了按钮：com.thetiger.ziwork:id/article_entry]]>
    </line>
    <line>
      <![CDATA[在：2018-03-13 16:18:49:414isFail的状态：true]]>
    </line>
    <line>
      <![CDATA[在：2018-03-13 16:18:57:989点击了按钮：//android.widget.TextView[@text='市场']]]>
    </line>
    <line>
      <![CDATA[在：2018-03-13 16:18:57:990isFail的状态：true]]>
    </line>
    <line>
      <![CDATA[在：2018-03-13 16:19:04:333点击了按钮：//android.support.v7.widget.RecyclerView[@resource-id='com.thetiger.ziwork:id/recycler_view']/android.widget.FrameLayout]]>
    </line>
    <line>
      <![CDATA[在：2018-03-13 16:19:04:348isFail的状态：true]]>
    </line>
    <line>
      <![CDATA[在：2018-03-13 16:19:07:396点击了按钮：com.thetiger.ziwork:id/collect_v]]>
    </line>
    <line>
      <![CDATA[在：2018-03-13 16:19:07:396isFail的状态：true]]>
    </line>
    <line>
      <![CDATA[在：2018-03-13 16:19:08:705点击了按钮：com.thetiger.ziwork:id/share_v]]>
    </line>
    <line>
      <![CDATA[在：2018-03-13 16:19:08:705isFail的状态：true]]>
    </line>
    <line>
      <![CDATA[在：2018-03-13 16:19:12:765点击了按钮：com.thetiger.ziwork:id/cancel_tv]]>
    </line>
    <line>
      <![CDATA[在：2018-03-13 16:19:12:766isFail的状态：true]]>
    </line>
    <line>
      <![CDATA[在：2018-03-13 16:19:21:119点击了按钮：//android.widget.ImageButton[@content-desc='转到上一层级']]]>
    </line>
    <line>
      <![CDATA[在：2018-03-13 16:19:21:119isFail的状态：true]]>
    </line>
    <line>
      <![CDATA[在：2018-03-13 16:19:29:501点击了按钮：//android.widget.ImageButton[@content-desc='转到上一层级']]]>
    </line>
    <line>
      <![CDATA[在：2018-03-13 16:19:29:502isFail的状态：true]]>
    </line>
    <line>
      <![CDATA[在：2018-03-13 16:19:36:487点击了按钮：//android.widget.ImageButton[@content-desc='转到上一层级']]]>
    </line>
    <line>
      <![CDATA[在：2018-03-13 16:19:36:487isFail的状态：true]]>
    </line>
    <line>
      <![CDATA[在：2018-03-13 16:19:38:346点击了按钮：com.thetiger.ziwork:id/course_entry]]>
    </line>
    <line>
      <![CDATA[在：2018-03-13 16:19:38:346isFail的状态：true]]>
    </line>
    <line>
      <![CDATA[在：2018-03-13 16:19:46:113点击了按钮：//android.support.v7.widget.RecyclerView[@resource-id='com.thetiger.ziwork:id/recycler_view']/android.widget.RelativeLayout]]>
    </line>
    <line>
      <![CDATA[在：2018-03-13 16:19:46:115isFail的状态：true]]>
    </line>
    <line>
      <![CDATA[在：2018-03-13 16:19:52:086点击了按钮：com.thetiger.ziwork:id/course_back_iv]]>
    </line>
    <line>
      <![CDATA[在：2018-03-13 16:19:52:086isFail的状态：true]]>
    </line>
    <line>
      <![CDATA[在：2018-03-13 16:19:59:952点击了按钮：//android.widget.ImageButton[@content-desc='转到上一层级']]]>
    </line>
    <line>
      <![CDATA[在：2018-03-13 16:19:59:953isFail的状态：true]]>
    </line>
    <line>
      <![CDATA[在：2018-03-13 16:20:01:610点击了按钮：com.thetiger.ziwork:id/book_entry]]>
    </line>
    <line>
      <![CDATA[在：2018-03-13 16:20:01:611isFail的状态：true]]>
    </line>
    <line>
      <![CDATA[在：2018-03-13 16:20:09:526点击了按钮：//android.support.v7.widget.RecyclerView[@resource-id='com.thetiger.ziwork:id/recycler_view']/android.widget.RelativeLayout]]>
    </line>
    <line>
      <![CDATA[在：2018-03-13 16:20:09:528isFail的状态：true]]>
    </line>
    <line>
      <![CDATA[在：2018-03-13 16:20:20:967点击了按钮：//android.widget.ImageButton[@content-desc='转到上一层级']]]>
    </line>
    <line>
      <![CDATA[在：2018-03-13 16:20:20:974isFail的状态：true]]>
    </line>
    <line>
      <![CDATA[在：2018-03-13 16:20:28:394点击了按钮：//android.widget.ImageButton[@content-desc='转到上一层级']]]>
    </line>
    <line>
      <![CDATA[在：2018-03-13 16:20:28:395isFail的状态：true]]>
    </line>
    <line>
      <![CDATA[在：2018-03-13 16:20:30:038点击了按钮：com.thetiger.ziwork:id/facade_title_container]]>
    </line>
    <line>
      <![CDATA[在：2018-03-13 16:20:30:039isFail的状态：true]]>
    </line>
    <line>
      <![CDATA[在：2018-03-13 16:20:38:062点击了按钮：//android.widget.ImageButton[@content-desc='转到上一层级']]]>
    </line>
    <line>
      <![CDATA[在：2018-03-13 16:20:38:062isFail的状态：true]]>
    </line>
    <line>
      <![CDATA[在：2018-03-13 16:20:46:231点击了按钮：//android.widget.LinearLayout[@resource-id='com.thetiger.ziwork:id/article_facade_container']/android.widget.LinearLayout/android.support.v7.widget.RecyclerView/android.widget.RelativeLayout]]>
    </line>
    <line>
      <![CDATA[在：2018-03-13 16:20:46:232isFail的状态：true]]>
    </line>
    <line>
      <![CDATA[在：2018-03-13 16:20:55:747点击了按钮：//android.widget.ImageButton[@content-desc='转到上一层级']]]>
    </line>
    <line>
      <![CDATA[在：2018-03-13 16:20:55:748isFail的状态：true]]>
    </line>
    <line>
      <![CDATA[在：2018-03-13 16:20:57:418isFail的状态：true]]>
    </line>
    <line>
      <![CDATA[在：2018-03-13 16:21:06:881点击了按钮：//android.widget.LinearLayout[@resource-id='com.thetiger.ziwork:id/course_facade_container']/android.widget.LinearLayout/android.support.v7.widget.RecyclerView/android.widget.RelativeLayout]]>
    </line>
    <line>
      <![CDATA[在：2018-03-13 16:21:06:882isFail的状态：true]]>
    </line>
    <line>
      <![CDATA[在：2018-03-13 16:21:09:676点击了按钮：com.thetiger.ziwork:id/course_back_iv]]>
    </line>
    <line>
      <![CDATA[在：2018-03-13 16:21:09:679isFail的状态：true]]>
    </line>
    <line>
      <![CDATA[在：2018-03-13 16:21:11:297isFail的状态：true]]>
    </line>
    <line>
      <![CDATA[在：2018-03-13 16:21:12:796点击了按钮：com.thetiger.ziwork:id/cover_sdv]]>
    </line>
    <line>
      <![CDATA[在：2018-03-13 16:21:12:796isFail的状态：true]]>
    </line>
    <line>
      <![CDATA[在：2018-03-13 16:21:22:000点击了按钮：//android.widget.ImageButton[@content-desc='转到上一层级']]]>
    </line>
    <line>
      <![CDATA[在：2018-03-13 16:21:22:002isFail的状态：true]]>
    </line>
    <line>
      <![CDATA[在：2018-03-13 16:21:33:003重启了app]]>
    </line>
    <line>
      <![CDATA[在：2018-03-13 16:21:35:004isFail的状态：true]]>
    </line>
  </reporter-output>
  <suite name="Suite" duration-ms="538943" started-at="2018-03-13T08:12:37Z" finished-at="2018-03-13T08:21:36Z">
    <groups>
    </groups>
    <test name="Test" duration-ms="538943" started-at="2018-03-13T08:12:37Z" finished-at="2018-03-13T08:21:36Z">
      <class name="Sprog.NewTest">
        <test-method status="PASS" signature="beforeSuite()[pri:0, instance:Sprog.NewTest@57e1b0c]" name="beforeSuite" is-config="true" duration-ms="3219" started-at="2018-03-13T16:12:34Z" finished-at="2018-03-13T16:12:37Z">
          <reporter-output>
          </reporter-output>
        </test-method> <!-- beforeSuite -->
        <test-method status="PASS" signature="BeforeClass()[pri:0, instance:Sprog.NewTest@57e1b0c]" name="BeforeClass" is-config="true" duration-ms="16107" started-at="2018-03-13T16:12:37Z" finished-at="2018-03-13T16:12:53Z">
          <reporter-output>
          </reporter-output>
        </test-method> <!-- BeforeClass -->
        <test-method status="FAIL" signature="testcase(java.lang.String, java.lang.String, java.lang.String, java.lang.String, java.lang.String, java.lang.String, java.lang.String)[pri:0, instance:Sprog.NewTest@57e1b0c]" name="testcase" duration-ms="0" started-at="2018-03-13T16:12:54Z" data-provider="testing" finished-at="2018-03-13T16:12:54Z">
          <params>
            <param index="0">
              <value is-null="true"/>
            </param>
            <param index="1">
              <value is-null="true"/>
            </param>
            <param index="2">
              <value is-null="true"/>
            </param>
            <param index="3">
              <value is-null="true"/>
            </param>
            <param index="4">
              <value is-null="true"/>
            </param>
            <param index="5">
              <value is-null="true"/>
            </param>
            <param index="6">
              <value is-null="true"/>
            </param>
          </params>
          <exception class="java.lang.NullPointerException">
            <full-stacktrace>
              <![CDATA[java.lang.NullPointerException
	at Sprog.Base.dealData(Base.java:367)
	at Sprog.NewTest.testcase(NewTest.java:13)
	at sun.reflect.NativeMethodAccessorImpl.invoke0(Native Method)
	at sun.reflect.NativeMethodAccessorImpl.invoke(NativeMethodAccessorImpl.java:62)
	at sun.reflect.DelegatingMethodAccessorImpl.invoke(DelegatingMethodAccessorImpl.java:43)
	at java.lang.reflect.Method.invoke(Method.java:498)
	at org.testng.internal.MethodInvocationHelper.invokeMethod(MethodInvocationHelper.java:86)
	at org.testng.internal.Invoker.invokeMethod(Invoker.java:643)
	at org.testng.internal.Invoker.invokeTestMethod(Invoker.java:820)
	at org.testng.internal.Invoker.invokeTestMethods(Invoker.java:1128)
	at org.testng.internal.TestMethodWorker.invokeTestMethods(TestMethodWorker.java:129)
	at org.testng.internal.TestMethodWorker.run(TestMethodWorker.java:112)
	at org.testng.TestRunner.privateRun(TestRunner.java:782)
	at org.testng.TestRunner.run(TestRunner.java:632)
	at org.testng.SuiteRunner.runTest(SuiteRunner.java:366)
	at org.testng.SuiteRunner.runSequentially(SuiteRunner.java:361)
	at org.testng.SuiteRunner.privateRun(SuiteRunner.java:319)
	at org.testng.SuiteRunner.run(SuiteRunner.java:268)
	at org.testng.SuiteRunnerWorker.runSuite(SuiteRunnerWorker.java:52)
	at org.testng.SuiteRunnerWorker.run(SuiteRunnerWorker.java:86)
	at org.testng.TestNG.runSuitesSequentially(TestNG.java:1244)
	at org.testng.TestNG.runSuitesLocally(TestNG.java:1169)
	at org.testng.TestNG.run(TestNG.java:1064)
	at org.apache.maven.surefire.testng.TestNGExecutor.run(TestNGExecutor.java:283)
	at org.apache.maven.surefire.testng.TestNGXmlTestSuite.execute(TestNGXmlTestSuite.java:75)
	at org.apache.maven.surefire.testng.TestNGProvider.invoke(TestNGProvider.java:120)
	at org.apache.maven.surefire.booter.ForkedBooter.invokeProviderInSameClassLoader(ForkedBooter.java:386)
	at org.apache.maven.surefire.booter.ForkedBooter.runSuitesInProcess(ForkedBooter.java:323)
	at org.apache.maven.surefire.booter.ForkedBooter.main(ForkedBooter.java:143)
]]>
            </full-stacktrace>
          </exception> <!-- java.lang.NullPointerException -->
          <reporter-output>
          </reporter-output>
        </test-method> <!-- testcase -->
        <test-method status="PASS" signature="failDeal()[pri:0, instance:Sprog.NewTest@57e1b0c]" name="failDeal" is-config="true" duration-ms="0" started-at="2018-03-13T16:12:54Z" finished-at="2018-03-13T16:12:54Z">
          <reporter-output>
            <line>
              <![CDATA[在：2018-03-13 16:12:54:911isFail的状态：true]]>
            </line>
          </reporter-output>
        </test-method> <!-- failDeal -->
        <test-method status="PASS" signature="testcase(java.lang.String, java.lang.String, java.lang.String, java.lang.String, java.lang.String, java.lang.String, java.lang.String)[pri:0, instance:Sprog.NewTest@57e1b0c]" name="testcase" duration-ms="3053" started-at="2018-03-13T16:12:54Z" data-provider="testing" finished-at="2018-03-13T16:12:57Z">
          <params>
            <param index="0">
              <value>
                <![CDATA[1]]>
              </value>
            </param>
            <param index="1">
              <value>
                <![CDATA[注册(领新人礼包)]]>
              </value>
            </param>
            <param index="2">
              <value>
                <![CDATA[点击立即进入]]>
              </value>
            </param>
            <param index="3">
              <value>
                <![CDATA[com.thetiger.ziwork:id/novice_gift_tv]]>
              </value>
            </param>
            <param index="4">
              <value>
                <![CDATA[click]]>
              </value>
            </param>
            <param index="5">
              <value>
                <![CDATA[com.thetiger.ziwork:id/login_phone_tv]]>
              </value>
            </param>
            <param index="6">
              <value>
                <![CDATA[P]]>
              </value>
            </param>
          </params>
          <reporter-output>
            <line>
              <![CDATA[在：2018-03-13 16:12:57:964点击了按钮：com.thetiger.ziwork:id/novice_gift_tv]]>
            </line>
          </reporter-output>
        </test-method> <!-- testcase -->
        <test-method status="PASS" signature="testcase(java.lang.String, java.lang.String, java.lang.String, java.lang.String, java.lang.String, java.lang.String, java.lang.String)[pri:0, instance:Sprog.NewTest@57e1b0c]" name="testcase" duration-ms="6896" started-at="2018-03-13T16:12:57Z" data-provider="testing" finished-at="2018-03-13T16:13:04Z">
          <params>
            <param index="0">
              <value>
                <![CDATA[2]]>
              </value>
            </param>
            <param index="1">
              <value>
                <![CDATA[]]>
              </value>
            </param>
            <param index="2">
              <value>
                <![CDATA[输入手机号码]]>
              </value>
            </param>
            <param index="3">
              <value>
                <![CDATA[com.thetiger.ziwork:id/phone_et]]>
              </value>
            </param>
            <param index="4">
              <value>
                <![CDATA[input]]>
              </value>
            </param>
            <param index="5">
              <value>
                <![CDATA[随机]]>
              </value>
            </param>
            <param index="6">
              <value>
                <![CDATA[P]]>
              </value>
            </param>
          </params>
          <reporter-output>
          </reporter-output>
        </test-method> <!-- testcase -->
        <test-method status="PASS" signature="failDeal()[pri:0, instance:Sprog.NewTest@57e1b0c]" name="failDeal" is-config="true" duration-ms="0" started-at="2018-03-13T16:12:57Z" finished-at="2018-03-13T16:12:57Z">
          <reporter-output>
            <line>
              <![CDATA[在：2018-03-13 16:12:57:964isFail的状态：true]]>
            </line>
          </reporter-output>
        </test-method> <!-- failDeal -->
        <test-method status="PASS" signature="failDeal()[pri:0, instance:Sprog.NewTest@57e1b0c]" name="failDeal" is-config="true" duration-ms="0" started-at="2018-03-13T16:13:04Z" finished-at="2018-03-13T16:13:04Z">
          <reporter-output>
            <line>
              <![CDATA[在：2018-03-13 16:13:04:861isFail的状态：true]]>
            </line>
          </reporter-output>
        </test-method> <!-- failDeal -->
        <test-method status="PASS" signature="testcase(java.lang.String, java.lang.String, java.lang.String, java.lang.String, java.lang.String, java.lang.String, java.lang.String)[pri:0, instance:Sprog.NewTest@57e1b0c]" name="testcase" duration-ms="1469" started-at="2018-03-13T16:13:04Z" data-provider="testing" finished-at="2018-03-13T16:13:06Z">
          <params>
            <param index="0">
              <value>
                <![CDATA[3]]>
              </value>
            </param>
            <param index="1">
              <value>
                <![CDATA[]]>
              </value>
            </param>
            <param index="2">
              <value>
                <![CDATA[点击获取验证码]]>
              </value>
            </param>
            <param index="3">
              <value>
                <![CDATA[com.thetiger.ziwork:id/action_tv]]>
              </value>
            </param>
            <param index="4">
              <value>
                <![CDATA[click]]>
              </value>
            </param>
            <param index="5">
              <value>
                <![CDATA[com.thetiger.ziwork:id/action_tv]]>
              </value>
            </param>
            <param index="6">
              <value>
                <![CDATA[P]]>
              </value>
            </param>
          </params>
          <reporter-output>
            <line>
              <![CDATA[在：2018-03-13 16:13:06:331点击了按钮：com.thetiger.ziwork:id/action_tv]]>
            </line>
          </reporter-output>
        </test-method> <!-- testcase -->
        <test-method status="PASS" signature="failDeal()[pri:0, instance:Sprog.NewTest@57e1b0c]" name="failDeal" is-config="true" duration-ms="0" started-at="2018-03-13T16:13:06Z" finished-at="2018-03-13T16:13:06Z">
          <reporter-output>
            <line>
              <![CDATA[在：2018-03-13 16:13:06:331isFail的状态：true]]>
            </line>
          </reporter-output>
        </test-method> <!-- failDeal -->
        <test-method status="PASS" signature="testcase(java.lang.String, java.lang.String, java.lang.String, java.lang.String, java.lang.String, java.lang.String, java.lang.String)[pri:0, instance:Sprog.NewTest@57e1b0c]" name="testcase" duration-ms="7042" started-at="2018-03-13T16:13:06Z" data-provider="testing" finished-at="2018-03-13T16:13:13Z">
          <params>
            <param index="0">
              <value>
                <![CDATA[4]]>
              </value>
            </param>
            <param index="1">
              <value>
                <![CDATA[]]>
              </value>
            </param>
            <param index="2">
              <value>
                <![CDATA[输入验证码]]>
              </value>
            </param>
            <param index="3">
              <value>
                <![CDATA[com.thetiger.ziwork:id/input_et]]>
              </value>
            </param>
            <param index="4">
              <value>
                <![CDATA[input]]>
              </value>
            </param>
            <param index="5">
              <value>
                <![CDATA[1111]]>
              </value>
            </param>
            <param index="6">
              <value>
                <![CDATA[P]]>
              </value>
            </param>
          </params>
          <reporter-output>
            <line>
              <![CDATA[在：2018-03-13 16:13:13:373输入了内容]]>
            </line>
          </reporter-output>
        </test-method> <!-- testcase -->
        <test-method status="PASS" signature="failDeal()[pri:0, instance:Sprog.NewTest@57e1b0c]" name="failDeal" is-config="true" duration-ms="0" started-at="2018-03-13T16:13:13Z" finished-at="2018-03-13T16:13:13Z">
          <reporter-output>
            <line>
              <![CDATA[在：2018-03-13 16:13:13:374isFail的状态：true]]>
            </line>
          </reporter-output>
        </test-method> <!-- failDeal -->
        <test-method status="PASS" signature="testcase(java.lang.String, java.lang.String, java.lang.String, java.lang.String, java.lang.String, java.lang.String, java.lang.String)[pri:0, instance:Sprog.NewTest@57e1b0c]" name="testcase" duration-ms="1056" started-at="2018-03-13T16:13:13Z" data-provider="testing" finished-at="2018-03-13T16:13:14Z">
          <params>
            <param index="0">
              <value>
                <![CDATA[5]]>
              </value>
            </param>
            <param index="1">
              <value>
                <![CDATA[]]>
              </value>
            </param>
            <param index="2">
              <value>
                <![CDATA[点击登录]]>
              </value>
            </param>
            <param index="3">
              <value>
                <![CDATA[com.thetiger.ziwork:id/login_phone_tv]]>
              </value>
            </param>
            <param index="4">
              <value>
                <![CDATA[click]]>
              </value>
            </param>
            <param index="5">
              <value>
                <![CDATA[com.thetiger.ziwork:id/title_tv]]>
              </value>
            </param>
            <param index="6">
              <value>
                <![CDATA[P]]>
              </value>
            </param>
          </params>
          <reporter-output>
            <line>
              <![CDATA[在：2018-03-13 16:13:14:429点击了按钮：com.thetiger.ziwork:id/login_phone_tv]]>
            </line>
          </reporter-output>
        </test-method> <!-- testcase -->
        <test-method status="PASS" signature="failDeal()[pri:0, instance:Sprog.NewTest@57e1b0c]" name="failDeal" is-config="true" duration-ms="1" started-at="2018-03-13T16:13:14Z" finished-at="2018-03-13T16:13:14Z">
          <reporter-output>
            <line>
              <![CDATA[在：2018-03-13 16:13:14:430isFail的状态：true]]>
            </line>
          </reporter-output>
        </test-method> <!-- failDeal -->
        <test-method status="FAIL" signature="testcase(java.lang.String, java.lang.String, java.lang.String, java.lang.String, java.lang.String, java.lang.String, java.lang.String)[pri:0, instance:Sprog.NewTest@57e1b0c]" name="testcase" duration-ms="7837" started-at="2018-03-13T16:13:14Z" data-provider="testing" finished-at="2018-03-13T16:13:22Z">
          <params>
            <param index="0">
              <value>
                <![CDATA[6]]>
              </value>
            </param>
            <param index="1">
              <value>
                <![CDATA[]]>
              </value>
            </param>
            <param index="2">
              <value>
                <![CDATA[个人资料输入姓名]]>
              </value>
            </param>
            <param index="3">
              <value>
                <![CDATA[com.thetiger.ziwork:id/edit_et]]>
              </value>
            </param>
            <param index="4">
              <value>
                <![CDATA[input]]>
              </value>
            </param>
            <param index="5">
              <value>
                <![CDATA[自客123456]]>
              </value>
            </param>
            <param index="6">
              <value>
                <![CDATA[P]]>
              </value>
            </param>
          </params>
          <exception class="java.lang.AssertionError">
            <message>
              <![CDATA[expected [true] but found [false]]]>
            </message>
            <full-stacktrace>
              <![CDATA[java.lang.AssertionError: expected [true] but found [false]
	at org.testng.Assert.fail(Assert.java:94)
	at org.testng.Assert.failNotEquals(Assert.java:513)
	at org.testng.Assert.assertTrue(Assert.java:42)
	at org.testng.Assert.assertTrue(Assert.java:52)
	at Sprog.Base.findEl(Base.java:228)
	at Sprog.Base.dealData(Base.java:400)
	at Sprog.NewTest.testcase(NewTest.java:13)
	at sun.reflect.NativeMethodAccessorImpl.invoke0(Native Method)
	at sun.reflect.NativeMethodAccessorImpl.invoke(NativeMethodAccessorImpl.java:62)
	at sun.reflect.DelegatingMethodAccessorImpl.invoke(DelegatingMethodAccessorImpl.java:43)
	at java.lang.reflect.Method.invoke(Method.java:498)
	at org.testng.internal.MethodInvocationHelper.invokeMethod(MethodInvocationHelper.java:86)
	at org.testng.internal.Invoker.invokeMethod(Invoker.java:643)
	at org.testng.internal.Invoker.invokeTestMethod(Invoker.java:820)
	at org.testng.internal.Invoker.invokeTestMethods(Invoker.java:1128)
	at org.testng.internal.TestMethodWorker.invokeTestMethods(TestMethodWorker.java:129)
	at org.testng.internal.TestMethodWorker.run(TestMethodWorker.java:112)
	at org.testng.TestRunner.privateRun(TestRunner.java:782)
	at org.testng.TestRunner.run(TestRunner.java:632)
	at org.testng.SuiteRunner.runTest(SuiteRunner.java:366)
	at org.testng.SuiteRunner.runSequentially(SuiteRunner.java:361)
	at org.testng.SuiteRunner.privateRun(SuiteRunner.java:319)
	at org.testng.SuiteRunner.run(SuiteRunner.java:268)
	at org.testng.SuiteRunnerWorker.runSuite(SuiteRunnerWorker.java:52)
	at org.testng.SuiteRunnerWorker.run(SuiteRunnerWorker.java:86)
	at org.testng.TestNG.runSuitesSequentially(TestNG.java:1244)
	at org.testng.TestNG.runSuitesLocally(TestNG.java:1169)
	at org.testng.TestNG.run(TestNG.java:1064)
	at org.apache.maven.surefire.testng.TestNGExecutor.run(TestNGExecutor.java:283)
	at org.apache.maven.surefire.testng.TestNGXmlTestSuite.execute(TestNGXmlTestSuite.java:75)
	at org.apache.maven.surefire.testng.TestNGProvider.invoke(TestNGProvider.java:120)
	at org.apache.maven.surefire.booter.ForkedBooter.invokeProviderInSameClassLoader(ForkedBooter.java:386)
	at org.apache.maven.surefire.booter.ForkedBooter.runSuitesInProcess(ForkedBooter.java:323)
	at org.apache.maven.surefire.booter.ForkedBooter.main(ForkedBooter.java:143)
]]>
            </full-stacktrace>
          </exception> <!-- java.lang.AssertionError -->
          <reporter-output>
            <line>
              <![CDATA[在：2018-03-13 16:13:22:268控件：com.thetiger.ziwork:id/edit_et不存在]]>
            </line>
          </reporter-output>
        </test-method> <!-- testcase -->
        <test-method status="PASS" signature="failDeal()[pri:0, instance:Sprog.NewTest@57e1b0c]" name="failDeal" is-config="true" duration-ms="0" started-at="2018-03-13T16:13:22Z" finished-at="2018-03-13T16:13:22Z">
          <reporter-output>
            <line>
              <![CDATA[在：2018-03-13 16:13:22:268isFail的状态：true]]>
            </line>
          </reporter-output>
        </test-method> <!-- failDeal -->
        <test-method status="FAIL" signature="testcase(java.lang.String, java.lang.String, java.lang.String, java.lang.String, java.lang.String, java.lang.String, java.lang.String)[pri:0, instance:Sprog.NewTest@57e1b0c]" name="testcase" duration-ms="9895" started-at="2018-03-13T16:13:22Z" data-provider="testing" finished-at="2018-03-13T16:13:32Z">
          <params>
            <param index="0">
              <value>
                <![CDATA[7]]>
              </value>
            </param>
            <param index="1">
              <value>
                <![CDATA[]]>
              </value>
            </param>
            <param index="2">
              <value>
                <![CDATA[个人资料输入职位]]>
              </value>
            </param>
            <param index="3">
              <value>
                <![CDATA[//android.widget.EditText[@text='如：文案达人']]]>
              </value>
            </param>
            <param index="4">
              <value>
                <![CDATA[input]]>
              </value>
            </param>
            <param index="5">
              <value>
                <![CDATA[开发测试工程师]]>
              </value>
            </param>
            <param index="6">
              <value>
                <![CDATA[P]]>
              </value>
            </param>
          </params>
          <exception class="java.lang.AssertionError">
            <message>
              <![CDATA[expected [true] but found [false]]]>
            </message>
            <full-stacktrace>
              <![CDATA[java.lang.AssertionError: expected [true] but found [false]
	at org.testng.Assert.fail(Assert.java:94)
	at org.testng.Assert.failNotEquals(Assert.java:513)
	at org.testng.Assert.assertTrue(Assert.java:42)
	at org.testng.Assert.assertTrue(Assert.java:52)
	at Sprog.Base.findEl(Base.java:228)
	at Sprog.Base.dealData(Base.java:400)
	at Sprog.NewTest.testcase(NewTest.java:13)
	at sun.reflect.NativeMethodAccessorImpl.invoke0(Native Method)
	at sun.reflect.NativeMethodAccessorImpl.invoke(NativeMethodAccessorImpl.java:62)
	at sun.reflect.DelegatingMethodAccessorImpl.invoke(DelegatingMethodAccessorImpl.java:43)
	at java.lang.reflect.Method.invoke(Method.java:498)
	at org.testng.internal.MethodInvocationHelper.invokeMethod(MethodInvocationHelper.java:86)
	at org.testng.internal.Invoker.invokeMethod(Invoker.java:643)
	at org.testng.internal.Invoker.invokeTestMethod(Invoker.java:820)
	at org.testng.internal.Invoker.invokeTestMethods(Invoker.java:1128)
	at org.testng.internal.TestMethodWorker.invokeTestMethods(TestMethodWorker.java:129)
	at org.testng.internal.TestMethodWorker.run(TestMethodWorker.java:112)
	at org.testng.TestRunner.privateRun(TestRunner.java:782)
	at org.testng.TestRunner.run(TestRunner.java:632)
	at org.testng.SuiteRunner.runTest(SuiteRunner.java:366)
	at org.testng.SuiteRunner.runSequentially(SuiteRunner.java:361)
	at org.testng.SuiteRunner.privateRun(SuiteRunner.java:319)
	at org.testng.SuiteRunner.run(SuiteRunner.java:268)
	at org.testng.SuiteRunnerWorker.runSuite(SuiteRunnerWorker.java:52)
	at org.testng.SuiteRunnerWorker.run(SuiteRunnerWorker.java:86)
	at org.testng.TestNG.runSuitesSequentially(TestNG.java:1244)
	at org.testng.TestNG.runSuitesLocally(TestNG.java:1169)
	at org.testng.TestNG.run(TestNG.java:1064)
	at org.apache.maven.surefire.testng.TestNGExecutor.run(TestNGExecutor.java:283)
	at org.apache.maven.surefire.testng.TestNGXmlTestSuite.execute(TestNGXmlTestSuite.java:75)
	at org.apache.maven.surefire.testng.TestNGProvider.invoke(TestNGProvider.java:120)
	at org.apache.maven.surefire.booter.ForkedBooter.invokeProviderInSameClassLoader(ForkedBooter.java:386)
	at org.apache.maven.surefire.booter.ForkedBooter.runSuitesInProcess(ForkedBooter.java:323)
	at org.apache.maven.surefire.booter.ForkedBooter.main(ForkedBooter.java:143)
]]>
            </full-stacktrace>
          </exception> <!-- java.lang.AssertionError -->
          <reporter-output>
            <line>
              <![CDATA[在：2018-03-13 16:13:32:163控件：//android.widget.EditText[@text='如：文案达人']不存在]]>
            </line>
          </reporter-output>
        </test-method> <!-- testcase -->
        <test-method status="FAIL" signature="testcase(java.lang.String, java.lang.String, java.lang.String, java.lang.String, java.lang.String, java.lang.String, java.lang.String)[pri:0, instance:Sprog.NewTest@57e1b0c]" name="testcase" duration-ms="5356" started-at="2018-03-13T16:13:32Z" data-provider="testing" finished-at="2018-03-13T16:13:37Z">
          <params>
            <param index="0">
              <value>
                <![CDATA[8]]>
              </value>
            </param>
            <param index="1">
              <value>
                <![CDATA[]]>
              </value>
            </param>
            <param index="2">
              <value>
                <![CDATA[点击完成]]>
              </value>
            </param>
            <param index="3">
              <value>
                <![CDATA[com.thetiger.ziwork:id/submit_tv]]>
              </value>
            </param>
            <param index="4">
              <value>
                <![CDATA[click]]>
              </value>
            </param>
            <param index="5">
              <value>
                <![CDATA[com.thetiger.ziwork:id/menu_common]]>
              </value>
            </param>
            <param index="6">
              <value>
                <![CDATA[P]]>
              </value>
            </param>
          </params>
          <exception class="java.lang.AssertionError">
            <message>
              <![CDATA[expected [true] but found [false]]]>
            </message>
            <full-stacktrace>
              <![CDATA[java.lang.AssertionError: expected [true] but found [false]
	at org.testng.Assert.fail(Assert.java:94)
	at org.testng.Assert.failNotEquals(Assert.java:513)
	at org.testng.Assert.assertTrue(Assert.java:42)
	at org.testng.Assert.assertTrue(Assert.java:52)
	at Sprog.Base.findEl(Base.java:228)
	at Sprog.Base.dealData(Base.java:391)
	at Sprog.NewTest.testcase(NewTest.java:13)
	at sun.reflect.NativeMethodAccessorImpl.invoke0(Native Method)
	at sun.reflect.NativeMethodAccessorImpl.invoke(NativeMethodAccessorImpl.java:62)
	at sun.reflect.DelegatingMethodAccessorImpl.invoke(DelegatingMethodAccessorImpl.java:43)
	at java.lang.reflect.Method.invoke(Method.java:498)
	at org.testng.internal.MethodInvocationHelper.invokeMethod(MethodInvocationHelper.java:86)
	at org.testng.internal.Invoker.invokeMethod(Invoker.java:643)
	at org.testng.internal.Invoker.invokeTestMethod(Invoker.java:820)
	at org.testng.internal.Invoker.invokeTestMethods(Invoker.java:1128)
	at org.testng.internal.TestMethodWorker.invokeTestMethods(TestMethodWorker.java:129)
	at org.testng.internal.TestMethodWorker.run(TestMethodWorker.java:112)
	at org.testng.TestRunner.privateRun(TestRunner.java:782)
	at org.testng.TestRunner.run(TestRunner.java:632)
	at org.testng.SuiteRunner.runTest(SuiteRunner.java:366)
	at org.testng.SuiteRunner.runSequentially(SuiteRunner.java:361)
	at org.testng.SuiteRunner.privateRun(SuiteRunner.java:319)
	at org.testng.SuiteRunner.run(SuiteRunner.java:268)
	at org.testng.SuiteRunnerWorker.runSuite(SuiteRunnerWorker.java:52)
	at org.testng.SuiteRunnerWorker.run(SuiteRunnerWorker.java:86)
	at org.testng.TestNG.runSuitesSequentially(TestNG.java:1244)
	at org.testng.TestNG.runSuitesLocally(TestNG.java:1169)
	at org.testng.TestNG.run(TestNG.java:1064)
	at org.apache.maven.surefire.testng.TestNGExecutor.run(TestNGExecutor.java:283)
	at org.apache.maven.surefire.testng.TestNGXmlTestSuite.execute(TestNGXmlTestSuite.java:75)
	at org.apache.maven.surefire.testng.TestNGProvider.invoke(TestNGProvider.java:120)
	at org.apache.maven.surefire.booter.ForkedBooter.invokeProviderInSameClassLoader(ForkedBooter.java:386)
	at org.apache.maven.surefire.booter.ForkedBooter.runSuitesInProcess(ForkedBooter.java:323)
	at org.apache.maven.surefire.booter.ForkedBooter.main(ForkedBooter.java:143)
]]>
            </full-stacktrace>
          </exception> <!-- java.lang.AssertionError -->
          <reporter-output>
            <line>
              <![CDATA[在：2018-03-13 16:13:37:519控件：com.thetiger.ziwork:id/submit_tv不存在]]>
            </line>
          </reporter-output>
        </test-method> <!-- testcase -->
        <test-method status="PASS" signature="failDeal()[pri:0, instance:Sprog.NewTest@57e1b0c]" name="failDeal" is-config="true" duration-ms="0" started-at="2018-03-13T16:13:32Z" finished-at="2018-03-13T16:13:32Z">
          <reporter-output>
            <line>
              <![CDATA[在：2018-03-13 16:13:32:163isFail的状态：true]]>
            </line>
          </reporter-output>
        </test-method> <!-- failDeal -->
        <test-method status="PASS" signature="failDeal()[pri:0, instance:Sprog.NewTest@57e1b0c]" name="failDeal" is-config="true" duration-ms="0" started-at="2018-03-13T16:13:37Z" finished-at="2018-03-13T16:13:37Z">
          <reporter-output>
            <line>
              <![CDATA[在：2018-03-13 16:13:37:537isFail的状态：true]]>
            </line>
          </reporter-output>
        </test-method> <!-- failDeal -->
        <test-method status="PASS" signature="testcase(java.lang.String, java.lang.String, java.lang.String, java.lang.String, java.lang.String, java.lang.String, java.lang.String)[pri:0, instance:Sprog.NewTest@57e1b0c]" name="testcase" duration-ms="3232" started-at="2018-03-13T16:13:37Z" data-provider="testing" finished-at="2018-03-13T16:13:40Z">
          <params>
            <param index="0">
              <value>
                <![CDATA[9]]>
              </value>
            </param>
            <param index="1">
              <value>
                <![CDATA[]]>
              </value>
            </param>
            <param index="2">
              <value>
                <![CDATA[点击一键领取]]>
              </value>
            </param>
            <param index="3">
              <value>
                <![CDATA[confirm]]>
              </value>
            </param>
            <param index="4">
              <value>
                <![CDATA[Strongclick]]>
              </value>
            </param>
            <param index="5">
              <value>
                <![CDATA[com.thetiger.ziwork:id/guide_target_view]]>
              </value>
            </param>
            <param index="6">
              <value>
                <![CDATA[P]]>
              </value>
            </param>
          </params>
          <reporter-output>
            <line>
              <![CDATA[在：2018-03-13 16:13:40:769通过坐标点击]]>
            </line>
          </reporter-output>
        </test-method> <!-- testcase -->
        <test-method status="PASS" signature="failDeal()[pri:0, instance:Sprog.NewTest@57e1b0c]" name="failDeal" is-config="true" duration-ms="1" started-at="2018-03-13T16:13:40Z" finished-at="2018-03-13T16:13:40Z">
          <reporter-output>
            <line>
              <![CDATA[在：2018-03-13 16:13:40:771isFail的状态：true]]>
            </line>
          </reporter-output>
        </test-method> <!-- failDeal -->
        <test-method status="FAIL" signature="testcase(java.lang.String, java.lang.String, java.lang.String, java.lang.String, java.lang.String, java.lang.String, java.lang.String)[pri:0, instance:Sprog.NewTest@57e1b0c]" name="testcase" duration-ms="5034" started-at="2018-03-13T16:13:40Z" data-provider="testing" finished-at="2018-03-13T16:13:45Z">
          <params>
            <param index="0">
              <value>
                <![CDATA[10]]>
              </value>
            </param>
            <param index="1">
              <value>
                <![CDATA[]]>
              </value>
            </param>
            <param index="2">
              <value>
                <![CDATA[点击已购领取的小课]]>
              </value>
            </param>
            <param index="3">
              <value>
                <![CDATA[com.thetiger.ziwork:id/guide_target_view]]>
              </value>
            </param>
            <param index="4">
              <value>
                <![CDATA[click]]>
              </value>
            </param>
            <param index="5">
              <value>
                <![CDATA[com.thetiger.ziwork:id/guide_bottom_ly]]>
              </value>
            </param>
            <param index="6">
              <value>
                <![CDATA[P]]>
              </value>
            </param>
          </params>
          <exception class="java.lang.AssertionError">
            <message>
              <![CDATA[expected [true] but found [false]]]>
            </message>
            <full-stacktrace>
              <![CDATA[java.lang.AssertionError: expected [true] but found [false]
	at org.testng.Assert.fail(Assert.java:94)
	at org.testng.Assert.failNotEquals(Assert.java:513)
	at org.testng.Assert.assertTrue(Assert.java:42)
	at org.testng.Assert.assertTrue(Assert.java:52)
	at Sprog.Base.findEl(Base.java:228)
	at Sprog.Base.dealData(Base.java:391)
	at Sprog.NewTest.testcase(NewTest.java:13)
	at sun.reflect.NativeMethodAccessorImpl.invoke0(Native Method)
	at sun.reflect.NativeMethodAccessorImpl.invoke(NativeMethodAccessorImpl.java:62)
	at sun.reflect.DelegatingMethodAccessorImpl.invoke(DelegatingMethodAccessorImpl.java:43)
	at java.lang.reflect.Method.invoke(Method.java:498)
	at org.testng.internal.MethodInvocationHelper.invokeMethod(MethodInvocationHelper.java:86)
	at org.testng.internal.Invoker.invokeMethod(Invoker.java:643)
	at org.testng.internal.Invoker.invokeTestMethod(Invoker.java:820)
	at org.testng.internal.Invoker.invokeTestMethods(Invoker.java:1128)
	at org.testng.internal.TestMethodWorker.invokeTestMethods(TestMethodWorker.java:129)
	at org.testng.internal.TestMethodWorker.run(TestMethodWorker.java:112)
	at org.testng.TestRunner.privateRun(TestRunner.java:782)
	at org.testng.TestRunner.run(TestRunner.java:632)
	at org.testng.SuiteRunner.runTest(SuiteRunner.java:366)
	at org.testng.SuiteRunner.runSequentially(SuiteRunner.java:361)
	at org.testng.SuiteRunner.privateRun(SuiteRunner.java:319)
	at org.testng.SuiteRunner.run(SuiteRunner.java:268)
	at org.testng.SuiteRunnerWorker.runSuite(SuiteRunnerWorker.java:52)
	at org.testng.SuiteRunnerWorker.run(SuiteRunnerWorker.java:86)
	at org.testng.TestNG.runSuitesSequentially(TestNG.java:1244)
	at org.testng.TestNG.runSuitesLocally(TestNG.java:1169)
	at org.testng.TestNG.run(TestNG.java:1064)
	at org.apache.maven.surefire.testng.TestNGExecutor.run(TestNGExecutor.java:283)
	at org.apache.maven.surefire.testng.TestNGXmlTestSuite.execute(TestNGXmlTestSuite.java:75)
	at org.apache.maven.surefire.testng.TestNGProvider.invoke(TestNGProvider.java:120)
	at org.apache.maven.surefire.booter.ForkedBooter.invokeProviderInSameClassLoader(ForkedBooter.java:386)
	at org.apache.maven.surefire.booter.ForkedBooter.runSuitesInProcess(ForkedBooter.java:323)
	at org.apache.maven.surefire.booter.ForkedBooter.main(ForkedBooter.java:143)
]]>
            </full-stacktrace>
          </exception> <!-- java.lang.AssertionError -->
          <reporter-output>
            <line>
              <![CDATA[在：2018-03-13 16:13:45:805控件：com.thetiger.ziwork:id/guide_target_view不存在]]>
            </line>
          </reporter-output>
        </test-method> <!-- testcase -->
        <test-method status="PASS" signature="failDeal()[pri:0, instance:Sprog.NewTest@57e1b0c]" name="failDeal" is-config="true" duration-ms="0" started-at="2018-03-13T16:13:45Z" finished-at="2018-03-13T16:13:45Z">
          <reporter-output>
            <line>
              <![CDATA[在：2018-03-13 16:13:45:807isFail的状态：true]]>
            </line>
          </reporter-output>
        </test-method> <!-- failDeal -->
        <test-method status="FAIL" signature="testcase(java.lang.String, java.lang.String, java.lang.String, java.lang.String, java.lang.String, java.lang.String, java.lang.String)[pri:0, instance:Sprog.NewTest@57e1b0c]" name="testcase" duration-ms="5262" started-at="2018-03-13T16:13:45Z" data-provider="testing" finished-at="2018-03-13T16:13:51Z">
          <params>
            <param index="0">
              <value>
                <![CDATA[11]]>
              </value>
            </param>
            <param index="1">
              <value>
                <![CDATA[]]>
              </value>
            </param>
            <param index="2">
              <value>
                <![CDATA[点击立即播放]]>
              </value>
            </param>
            <param index="3">
              <value>
                <![CDATA[com.thetiger.ziwork:id/guide_bottom_ly]]>
              </value>
            </param>
            <param index="4">
              <value>
                <![CDATA[click]]>
              </value>
            </param>
            <param index="5">
              <value>
                <![CDATA[com.thetiger.ziwork:id/pause_btn]]>
              </value>
            </param>
            <param index="6">
              <value>
                <![CDATA[P]]>
              </value>
            </param>
          </params>
          <exception class="java.lang.AssertionError">
            <message>
              <![CDATA[expected [true] but found [false]]]>
            </message>
            <full-stacktrace>
              <![CDATA[java.lang.AssertionError: expected [true] but found [false]
	at org.testng.Assert.fail(Assert.java:94)
	at org.testng.Assert.failNotEquals(Assert.java:513)
	at org.testng.Assert.assertTrue(Assert.java:42)
	at org.testng.Assert.assertTrue(Assert.java:52)
	at Sprog.Base.findEl(Base.java:228)
	at Sprog.Base.dealData(Base.java:391)
	at Sprog.NewTest.testcase(NewTest.java:13)
	at sun.reflect.NativeMethodAccessorImpl.invoke0(Native Method)
	at sun.reflect.NativeMethodAccessorImpl.invoke(NativeMethodAccessorImpl.java:62)
	at sun.reflect.DelegatingMethodAccessorImpl.invoke(DelegatingMethodAccessorImpl.java:43)
	at java.lang.reflect.Method.invoke(Method.java:498)
	at org.testng.internal.MethodInvocationHelper.invokeMethod(MethodInvocationHelper.java:86)
	at org.testng.internal.Invoker.invokeMethod(Invoker.java:643)
	at org.testng.internal.Invoker.invokeTestMethod(Invoker.java:820)
	at org.testng.internal.Invoker.invokeTestMethods(Invoker.java:1128)
	at org.testng.internal.TestMethodWorker.invokeTestMethods(TestMethodWorker.java:129)
	at org.testng.internal.TestMethodWorker.run(TestMethodWorker.java:112)
	at org.testng.TestRunner.privateRun(TestRunner.java:782)
	at org.testng.TestRunner.run(TestRunner.java:632)
	at org.testng.SuiteRunner.runTest(SuiteRunner.java:366)
	at org.testng.SuiteRunner.runSequentially(SuiteRunner.java:361)
	at org.testng.SuiteRunner.privateRun(SuiteRunner.java:319)
	at org.testng.SuiteRunner.run(SuiteRunner.java:268)
	at org.testng.SuiteRunnerWorker.runSuite(SuiteRunnerWorker.java:52)
	at org.testng.SuiteRunnerWorker.run(SuiteRunnerWorker.java:86)
	at org.testng.TestNG.runSuitesSequentially(TestNG.java:1244)
	at org.testng.TestNG.runSuitesLocally(TestNG.java:1169)
	at org.testng.TestNG.run(TestNG.java:1064)
	at org.apache.maven.surefire.testng.TestNGExecutor.run(TestNGExecutor.java:283)
	at org.apache.maven.surefire.testng.TestNGXmlTestSuite.execute(TestNGXmlTestSuite.java:75)
	at org.apache.maven.surefire.testng.TestNGProvider.invoke(TestNGProvider.java:120)
	at org.apache.maven.surefire.booter.ForkedBooter.invokeProviderInSameClassLoader(ForkedBooter.java:386)
	at org.apache.maven.surefire.booter.ForkedBooter.runSuitesInProcess(ForkedBooter.java:323)
	at org.apache.maven.surefire.booter.ForkedBooter.main(ForkedBooter.java:143)
]]>
            </full-stacktrace>
          </exception> <!-- java.lang.AssertionError -->
          <reporter-output>
            <line>
              <![CDATA[在：2018-03-13 16:13:51:070控件：com.thetiger.ziwork:id/guide_bottom_ly不存在]]>
            </line>
          </reporter-output>
        </test-method> <!-- testcase -->
        <test-method status="PASS" signature="failDeal()[pri:0, instance:Sprog.NewTest@57e1b0c]" name="failDeal" is-config="true" duration-ms="0" started-at="2018-03-13T16:13:51Z" finished-at="2018-03-13T16:13:51Z">
          <reporter-output>
            <line>
              <![CDATA[在：2018-03-13 16:13:51:070isFail的状态：true]]>
            </line>
          </reporter-output>
        </test-method> <!-- failDeal -->
        <test-method status="PASS" signature="testcase(java.lang.String, java.lang.String, java.lang.String, java.lang.String, java.lang.String, java.lang.String, java.lang.String)[pri:0, instance:Sprog.NewTest@57e1b0c]" name="testcase" duration-ms="14495" started-at="2018-03-13T16:13:51Z" data-provider="testing" finished-at="2018-03-13T16:14:05Z">
          <params>
            <param index="0">
              <value>
                <![CDATA[12]]>
              </value>
            </param>
            <param index="1">
              <value>
                <![CDATA[ ]]>
              </value>
            </param>
            <param index="2">
              <value>
                <![CDATA[重启下app]]>
              </value>
            </param>
            <param index="3">
              <value>
                <![CDATA[restart]]>
              </value>
            </param>
            <param index="4">
              <value>
                <![CDATA[restart]]>
              </value>
            </param>
            <param index="5">
              <value>
                <![CDATA[]]>
              </value>
            </param>
            <param index="6">
              <value>
                <![CDATA[P]]>
              </value>
            </param>
          </params>
          <reporter-output>
            <line>
              <![CDATA[在：2018-03-13 16:14:03:565重启了app]]>
            </line>
          </reporter-output>
        </test-method> <!-- testcase -->
        <test-method status="PASS" signature="failDeal()[pri:0, instance:Sprog.NewTest@57e1b0c]" name="failDeal" is-config="true" duration-ms="3" started-at="2018-03-13T16:14:05Z" finished-at="2018-03-13T16:14:05Z">
          <reporter-output>
            <line>
              <![CDATA[在：2018-03-13 16:14:05:566isFail的状态：true]]>
            </line>
          </reporter-output>
        </test-method> <!-- failDeal -->
        <test-method status="PASS" signature="testcase(java.lang.String, java.lang.String, java.lang.String, java.lang.String, java.lang.String, java.lang.String, java.lang.String)[pri:0, instance:Sprog.NewTest@57e1b0c]" name="testcase" duration-ms="1503" started-at="2018-03-13T16:14:05Z" data-provider="testing" finished-at="2018-03-13T16:14:07Z">
          <params>
            <param index="0">
              <value>
                <![CDATA[13]]>
              </value>
            </param>
            <param index="1">
              <value>
                <![CDATA[注册(首页领新人福利)]]>
              </value>
            </param>
            <param index="2">
              <value>
                <![CDATA[点击立即进入]]>
              </value>
            </param>
            <param index="3">
              <value>
                <![CDATA[com.thetiger.ziwork:id/novice_gift_tv]]>
              </value>
            </param>
            <param index="4">
              <value>
                <![CDATA[click]]>
              </value>
            </param>
            <param index="5">
              <value>
                <![CDATA[com.thetiger.ziwork:id/login_phone_tv]]>
              </value>
            </param>
            <param index="6">
              <value>
                <![CDATA[P]]>
              </value>
            </param>
          </params>
          <reporter-output>
            <line>
              <![CDATA[在：2018-03-13 16:14:07:071点击了按钮：com.thetiger.ziwork:id/novice_gift_tv]]>
            </line>
          </reporter-output>
        </test-method> <!-- testcase -->
        <test-method status="PASS" signature="failDeal()[pri:0, instance:Sprog.NewTest@57e1b0c]" name="failDeal" is-config="true" duration-ms="0" started-at="2018-03-13T16:14:07Z" finished-at="2018-03-13T16:14:07Z">
          <reporter-output>
            <line>
              <![CDATA[在：2018-03-13 16:14:07:072isFail的状态：true]]>
            </line>
          </reporter-output>
        </test-method> <!-- failDeal -->
        <test-method status="PASS" signature="testcase(java.lang.String, java.lang.String, java.lang.String, java.lang.String, java.lang.String, java.lang.String, java.lang.String)[pri:0, instance:Sprog.NewTest@57e1b0c]" name="testcase" duration-ms="6376" started-at="2018-03-13T16:14:07Z" data-provider="testing" finished-at="2018-03-13T16:14:13Z">
          <params>
            <param index="0">
              <value>
                <![CDATA[14]]>
              </value>
            </param>
            <param index="1">
              <value>
                <![CDATA[]]>
              </value>
            </param>
            <param index="2">
              <value>
                <![CDATA[输入手机号码]]>
              </value>
            </param>
            <param index="3">
              <value>
                <![CDATA[com.thetiger.ziwork:id/phone_et]]>
              </value>
            </param>
            <param index="4">
              <value>
                <![CDATA[input]]>
              </value>
            </param>
            <param index="5">
              <value>
                <![CDATA[随机]]>
              </value>
            </param>
            <param index="6">
              <value>
                <![CDATA[P]]>
              </value>
            </param>
          </params>
          <reporter-output>
          </reporter-output>
        </test-method> <!-- testcase -->
        <test-method status="PASS" signature="failDeal()[pri:0, instance:Sprog.NewTest@57e1b0c]" name="failDeal" is-config="true" duration-ms="1" started-at="2018-03-13T16:14:13Z" finished-at="2018-03-13T16:14:13Z">
          <reporter-output>
            <line>
              <![CDATA[在：2018-03-13 16:14:13:450isFail的状态：true]]>
            </line>
          </reporter-output>
        </test-method> <!-- failDeal -->
        <test-method status="PASS" signature="testcase(java.lang.String, java.lang.String, java.lang.String, java.lang.String, java.lang.String, java.lang.String, java.lang.String)[pri:0, instance:Sprog.NewTest@57e1b0c]" name="testcase" duration-ms="1584" started-at="2018-03-13T16:14:13Z" data-provider="testing" finished-at="2018-03-13T16:14:15Z">
          <params>
            <param index="0">
              <value>
                <![CDATA[15]]>
              </value>
            </param>
            <param index="1">
              <value>
                <![CDATA[]]>
              </value>
            </param>
            <param index="2">
              <value>
                <![CDATA[点击获取验证码]]>
              </value>
            </param>
            <param index="3">
              <value>
                <![CDATA[com.thetiger.ziwork:id/action_tv]]>
              </value>
            </param>
            <param index="4">
              <value>
                <![CDATA[click]]>
              </value>
            </param>
            <param index="5">
              <value>
                <![CDATA[com.thetiger.ziwork:id/action_tv]]>
              </value>
            </param>
            <param index="6">
              <value>
                <![CDATA[P]]>
              </value>
            </param>
          </params>
          <reporter-output>
            <line>
              <![CDATA[在：2018-03-13 16:14:15:033点击了按钮：com.thetiger.ziwork:id/action_tv]]>
            </line>
          </reporter-output>
        </test-method> <!-- testcase -->
        <test-method status="PASS" signature="failDeal()[pri:0, instance:Sprog.NewTest@57e1b0c]" name="failDeal" is-config="true" duration-ms="1" started-at="2018-03-13T16:14:15Z" finished-at="2018-03-13T16:14:15Z">
          <reporter-output>
            <line>
              <![CDATA[在：2018-03-13 16:14:15:036isFail的状态：true]]>
            </line>
          </reporter-output>
        </test-method> <!-- failDeal -->
        <test-method status="PASS" signature="testcase(java.lang.String, java.lang.String, java.lang.String, java.lang.String, java.lang.String, java.lang.String, java.lang.String)[pri:0, instance:Sprog.NewTest@57e1b0c]" name="testcase" duration-ms="6875" started-at="2018-03-13T16:14:15Z" data-provider="testing" finished-at="2018-03-13T16:14:21Z">
          <params>
            <param index="0">
              <value>
                <![CDATA[16]]>
              </value>
            </param>
            <param index="1">
              <value>
                <![CDATA[]]>
              </value>
            </param>
            <param index="2">
              <value>
                <![CDATA[输入验证码]]>
              </value>
            </param>
            <param index="3">
              <value>
                <![CDATA[com.thetiger.ziwork:id/input_et]]>
              </value>
            </param>
            <param index="4">
              <value>
                <![CDATA[input]]>
              </value>
            </param>
            <param index="5">
              <value>
                <![CDATA[1111]]>
              </value>
            </param>
            <param index="6">
              <value>
                <![CDATA[P]]>
              </value>
            </param>
          </params>
          <reporter-output>
            <line>
              <![CDATA[在：2018-03-13 16:14:21:911输入了内容]]>
            </line>
          </reporter-output>
        </test-method> <!-- testcase -->
        <test-method status="PASS" signature="testcase(java.lang.String, java.lang.String, java.lang.String, java.lang.String, java.lang.String, java.lang.String, java.lang.String)[pri:0, instance:Sprog.NewTest@57e1b0c]" name="testcase" duration-ms="1968" started-at="2018-03-13T16:14:21Z" data-provider="testing" finished-at="2018-03-13T16:14:23Z">
          <params>
            <param index="0">
              <value>
                <![CDATA[17]]>
              </value>
            </param>
            <param index="1">
              <value>
                <![CDATA[]]>
              </value>
            </param>
            <param index="2">
              <value>
                <![CDATA[点击登录]]>
              </value>
            </param>
            <param index="3">
              <value>
                <![CDATA[com.thetiger.ziwork:id/login_phone_tv]]>
              </value>
            </param>
            <param index="4">
              <value>
                <![CDATA[click]]>
              </value>
            </param>
            <param index="5">
              <value>
                <![CDATA[com.thetiger.ziwork:id/title_tv]]>
              </value>
            </param>
            <param index="6">
              <value>
                <![CDATA[P]]>
              </value>
            </param>
          </params>
          <reporter-output>
            <line>
              <![CDATA[在：2018-03-13 16:14:23:879点击了按钮：com.thetiger.ziwork:id/login_phone_tv]]>
            </line>
          </reporter-output>
        </test-method> <!-- testcase -->
        <test-method status="PASS" signature="failDeal()[pri:0, instance:Sprog.NewTest@57e1b0c]" name="failDeal" is-config="true" duration-ms="0" started-at="2018-03-13T16:14:21Z" finished-at="2018-03-13T16:14:21Z">
          <reporter-output>
            <line>
              <![CDATA[在：2018-03-13 16:14:21:911isFail的状态：true]]>
            </line>
          </reporter-output>
        </test-method> <!-- failDeal -->
        <test-method status="FAIL" signature="testcase(java.lang.String, java.lang.String, java.lang.String, java.lang.String, java.lang.String, java.lang.String, java.lang.String)[pri:0, instance:Sprog.NewTest@57e1b0c]" name="testcase" duration-ms="6748" started-at="2018-03-13T16:14:23Z" data-provider="testing" finished-at="2018-03-13T16:14:30Z">
          <params>
            <param index="0">
              <value>
                <![CDATA[18]]>
              </value>
            </param>
            <param index="1">
              <value>
                <![CDATA[]]>
              </value>
            </param>
            <param index="2">
              <value>
                <![CDATA[个人资料输入姓名]]>
              </value>
            </param>
            <param index="3">
              <value>
                <![CDATA[com.thetiger.ziwork:id/edit_et]]>
              </value>
            </param>
            <param index="4">
              <value>
                <![CDATA[input]]>
              </value>
            </param>
            <param index="5">
              <value>
                <![CDATA[自客123456]]>
              </value>
            </param>
            <param index="6">
              <value>
                <![CDATA[P]]>
              </value>
            </param>
          </params>
          <exception class="java.lang.AssertionError">
            <message>
              <![CDATA[expected [true] but found [false]]]>
            </message>
            <full-stacktrace>
              <![CDATA[java.lang.AssertionError: expected [true] but found [false]
	at org.testng.Assert.fail(Assert.java:94)
	at org.testng.Assert.failNotEquals(Assert.java:513)
	at org.testng.Assert.assertTrue(Assert.java:42)
	at org.testng.Assert.assertTrue(Assert.java:52)
	at Sprog.Base.findEl(Base.java:228)
	at Sprog.Base.dealData(Base.java:400)
	at Sprog.NewTest.testcase(NewTest.java:13)
	at sun.reflect.GeneratedMethodAccessor1.invoke(Unknown Source)
	at sun.reflect.DelegatingMethodAccessorImpl.invoke(DelegatingMethodAccessorImpl.java:43)
	at java.lang.reflect.Method.invoke(Method.java:498)
	at org.testng.internal.MethodInvocationHelper.invokeMethod(MethodInvocationHelper.java:86)
	at org.testng.internal.Invoker.invokeMethod(Invoker.java:643)
	at org.testng.internal.Invoker.invokeTestMethod(Invoker.java:820)
	at org.testng.internal.Invoker.invokeTestMethods(Invoker.java:1128)
	at org.testng.internal.TestMethodWorker.invokeTestMethods(TestMethodWorker.java:129)
	at org.testng.internal.TestMethodWorker.run(TestMethodWorker.java:112)
	at org.testng.TestRunner.privateRun(TestRunner.java:782)
	at org.testng.TestRunner.run(TestRunner.java:632)
	at org.testng.SuiteRunner.runTest(SuiteRunner.java:366)
	at org.testng.SuiteRunner.runSequentially(SuiteRunner.java:361)
	at org.testng.SuiteRunner.privateRun(SuiteRunner.java:319)
	at org.testng.SuiteRunner.run(SuiteRunner.java:268)
	at org.testng.SuiteRunnerWorker.runSuite(SuiteRunnerWorker.java:52)
	at org.testng.SuiteRunnerWorker.run(SuiteRunnerWorker.java:86)
	at org.testng.TestNG.runSuitesSequentially(TestNG.java:1244)
	at org.testng.TestNG.runSuitesLocally(TestNG.java:1169)
	at org.testng.TestNG.run(TestNG.java:1064)
	at org.apache.maven.surefire.testng.TestNGExecutor.run(TestNGExecutor.java:283)
	at org.apache.maven.surefire.testng.TestNGXmlTestSuite.execute(TestNGXmlTestSuite.java:75)
	at org.apache.maven.surefire.testng.TestNGProvider.invoke(TestNGProvider.java:120)
	at org.apache.maven.surefire.booter.ForkedBooter.invokeProviderInSameClassLoader(ForkedBooter.java:386)
	at org.apache.maven.surefire.booter.ForkedBooter.runSuitesInProcess(ForkedBooter.java:323)
	at org.apache.maven.surefire.booter.ForkedBooter.main(ForkedBooter.java:143)
]]>
            </full-stacktrace>
          </exception> <!-- java.lang.AssertionError -->
          <reporter-output>
            <line>
              <![CDATA[在：2018-03-13 16:14:30:627控件：com.thetiger.ziwork:id/edit_et不存在]]>
            </line>
          </reporter-output>
        </test-method> <!-- testcase -->
        <test-method status="PASS" signature="failDeal()[pri:0, instance:Sprog.NewTest@57e1b0c]" name="failDeal" is-config="true" duration-ms="0" started-at="2018-03-13T16:14:23Z" finished-at="2018-03-13T16:14:23Z">
          <reporter-output>
            <line>
              <![CDATA[在：2018-03-13 16:14:23:880isFail的状态：true]]>
            </line>
          </reporter-output>
        </test-method> <!-- failDeal -->
        <test-method status="PASS" signature="failDeal()[pri:0, instance:Sprog.NewTest@57e1b0c]" name="failDeal" is-config="true" duration-ms="1" started-at="2018-03-13T16:14:30Z" finished-at="2018-03-13T16:14:30Z">
          <reporter-output>
            <line>
              <![CDATA[在：2018-03-13 16:14:30:629isFail的状态：true]]>
            </line>
          </reporter-output>
        </test-method> <!-- failDeal -->
        <test-method status="FAIL" signature="testcase(java.lang.String, java.lang.String, java.lang.String, java.lang.String, java.lang.String, java.lang.String, java.lang.String)[pri:0, instance:Sprog.NewTest@57e1b0c]" name="testcase" duration-ms="6556" started-at="2018-03-13T16:14:30Z" data-provider="testing" finished-at="2018-03-13T16:14:37Z">
          <params>
            <param index="0">
              <value>
                <![CDATA[19]]>
              </value>
            </param>
            <param index="1">
              <value>
                <![CDATA[]]>
              </value>
            </param>
            <param index="2">
              <value>
                <![CDATA[个人资料输入职位]]>
              </value>
            </param>
            <param index="3">
              <value>
                <![CDATA[//android.widget.EditText[@text='如：文案达人']]]>
              </value>
            </param>
            <param index="4">
              <value>
                <![CDATA[input]]>
              </value>
            </param>
            <param index="5">
              <value>
                <![CDATA[开发测试工程师]]>
              </value>
            </param>
            <param index="6">
              <value>
                <![CDATA[P]]>
              </value>
            </param>
          </params>
          <exception class="java.lang.AssertionError">
            <message>
              <![CDATA[expected [true] but found [false]]]>
            </message>
            <full-stacktrace>
              <![CDATA[java.lang.AssertionError: expected [true] but found [false]
	at org.testng.Assert.fail(Assert.java:94)
	at org.testng.Assert.failNotEquals(Assert.java:513)
	at org.testng.Assert.assertTrue(Assert.java:42)
	at org.testng.Assert.assertTrue(Assert.java:52)
	at Sprog.Base.findEl(Base.java:228)
	at Sprog.Base.dealData(Base.java:400)
	at Sprog.NewTest.testcase(NewTest.java:13)
	at sun.reflect.GeneratedMethodAccessor1.invoke(Unknown Source)
	at sun.reflect.DelegatingMethodAccessorImpl.invoke(DelegatingMethodAccessorImpl.java:43)
	at java.lang.reflect.Method.invoke(Method.java:498)
	at org.testng.internal.MethodInvocationHelper.invokeMethod(MethodInvocationHelper.java:86)
	at org.testng.internal.Invoker.invokeMethod(Invoker.java:643)
	at org.testng.internal.Invoker.invokeTestMethod(Invoker.java:820)
	at org.testng.internal.Invoker.invokeTestMethods(Invoker.java:1128)
	at org.testng.internal.TestMethodWorker.invokeTestMethods(TestMethodWorker.java:129)
	at org.testng.internal.TestMethodWorker.run(TestMethodWorker.java:112)
	at org.testng.TestRunner.privateRun(TestRunner.java:782)
	at org.testng.TestRunner.run(TestRunner.java:632)
	at org.testng.SuiteRunner.runTest(SuiteRunner.java:366)
	at org.testng.SuiteRunner.runSequentially(SuiteRunner.java:361)
	at org.testng.SuiteRunner.privateRun(SuiteRunner.java:319)
	at org.testng.SuiteRunner.run(SuiteRunner.java:268)
	at org.testng.SuiteRunnerWorker.runSuite(SuiteRunnerWorker.java:52)
	at org.testng.SuiteRunnerWorker.run(SuiteRunnerWorker.java:86)
	at org.testng.TestNG.runSuitesSequentially(TestNG.java:1244)
	at org.testng.TestNG.runSuitesLocally(TestNG.java:1169)
	at org.testng.TestNG.run(TestNG.java:1064)
	at org.apache.maven.surefire.testng.TestNGExecutor.run(TestNGExecutor.java:283)
	at org.apache.maven.surefire.testng.TestNGXmlTestSuite.execute(TestNGXmlTestSuite.java:75)
	at org.apache.maven.surefire.testng.TestNGProvider.invoke(TestNGProvider.java:120)
	at org.apache.maven.surefire.booter.ForkedBooter.invokeProviderInSameClassLoader(ForkedBooter.java:386)
[...]
                <![CDATA[com.thetiger.ziwork:id/main_tab_home]]>
              </value>
            </param>
            <param index="6">
              <value>
                <![CDATA[P]]>
              </value>
            </param>
          </params>
          <reporter-output>
            <line>
              <![CDATA[在：2018-03-13 16:20:38:062点击了按钮：//android.widget.ImageButton[@content-desc='转到上一层级']]]>
            </line>
          </reporter-output>
        </test-method> <!-- testcase -->
        <test-method status="PASS" signature="failDeal()[pri:0, instance:Sprog.NewTest@57e1b0c]" name="failDeal" is-config="true" duration-ms="1" started-at="2018-03-13T16:20:38Z" finished-at="2018-03-13T16:20:38Z">
          <reporter-output>
            <line>
              <![CDATA[在：2018-03-13 16:20:38:062isFail的状态：true]]>
            </line>
          </reporter-output>
        </test-method> <!-- failDeal -->
        <test-method status="PASS" signature="testcase(java.lang.String, java.lang.String, java.lang.String, java.lang.String, java.lang.String, java.lang.String, java.lang.String)[pri:0, instance:Sprog.NewTest@57e1b0c]" name="testcase" duration-ms="8168" started-at="2018-03-13T16:20:38Z" data-provider="testing" finished-at="2018-03-13T16:20:46Z">
          <params>
            <param index="0">
              <value>
                <![CDATA[102]]>
              </value>
            </param>
            <param index="1">
              <value>
                <![CDATA[]]>
              </value>
            </param>
            <param index="2">
              <value>
                <![CDATA[点击新知第一篇]]>
              </value>
            </param>
            <param index="3">
              <value>
                <![CDATA[//android.widget.LinearLayout[@resource-id='com.thetiger.ziwork:id/article_facade_container']/android.widget.LinearLayout/android.support.v7.widget.RecyclerView/android.widget.RelativeLayout]]>
              </value>
            </param>
            <param index="4">
              <value>
                <![CDATA[click]]>
              </value>
            </param>
            <param index="5">
              <value>
                <![CDATA[com.thetiger.ziwork:id/date_tv]]>
              </value>
            </param>
            <param index="6">
              <value>
                <![CDATA[P]]>
              </value>
            </param>
          </params>
          <reporter-output>
            <line>
              <![CDATA[在：2018-03-13 16:20:46:231点击了按钮：//android.widget.LinearLayout[@resource-id='com.thetiger.ziwork:id/article_facade_container']/android.widget.LinearLayout/android.support.v7.widget.RecyclerView/android.widget.RelativeLayout]]>
            </line>
          </reporter-output>
        </test-method> <!-- testcase -->
        <test-method status="PASS" signature="testcase(java.lang.String, java.lang.String, java.lang.String, java.lang.String, java.lang.String, java.lang.String, java.lang.String)[pri:0, instance:Sprog.NewTest@57e1b0c]" name="testcase" duration-ms="9515" started-at="2018-03-13T16:20:46Z" data-provider="testing" finished-at="2018-03-13T16:20:55Z">
          <params>
            <param index="0">
              <value>
                <![CDATA[103]]>
              </value>
            </param>
            <param index="1">
              <value>
                <![CDATA[]]>
              </value>
            </param>
            <param index="2">
              <value>
                <![CDATA[点击返回]]>
              </value>
            </param>
            <param index="3">
              <value>
                <![CDATA[//android.widget.ImageButton[@content-desc='转到上一层级']]]>
              </value>
            </param>
            <param index="4">
              <value>
                <![CDATA[click]]>
              </value>
            </param>
            <param index="5">
              <value>
                <![CDATA[com.thetiger.ziwork:id/main_tab_home]]>
              </value>
            </param>
            <param index="6">
              <value>
                <![CDATA[P]]>
              </value>
            </param>
          </params>
          <reporter-output>
            <line>
              <![CDATA[在：2018-03-13 16:20:55:747点击了按钮：//android.widget.ImageButton[@content-desc='转到上一层级']]]>
            </line>
          </reporter-output>
        </test-method> <!-- testcase -->
        <test-method status="PASS" signature="failDeal()[pri:0, instance:Sprog.NewTest@57e1b0c]" name="failDeal" is-config="true" duration-ms="0" started-at="2018-03-13T16:20:46Z" finished-at="2018-03-13T16:20:46Z">
          <reporter-output>
            <line>
              <![CDATA[在：2018-03-13 16:20:46:232isFail的状态：true]]>
            </line>
          </reporter-output>
        </test-method> <!-- failDeal -->
        <test-method status="PASS" signature="failDeal()[pri:0, instance:Sprog.NewTest@57e1b0c]" name="failDeal" is-config="true" duration-ms="0" started-at="2018-03-13T16:20:55Z" finished-at="2018-03-13T16:20:55Z">
          <reporter-output>
            <line>
              <![CDATA[在：2018-03-13 16:20:55:748isFail的状态：true]]>
            </line>
          </reporter-output>
        </test-method> <!-- failDeal -->
        <test-method status="PASS" signature="testcase(java.lang.String, java.lang.String, java.lang.String, java.lang.String, java.lang.String, java.lang.String, java.lang.String)[pri:0, instance:Sprog.NewTest@57e1b0c]" name="testcase" duration-ms="1670" started-at="2018-03-13T16:20:55Z" data-provider="testing" finished-at="2018-03-13T16:20:57Z">
          <params>
            <param index="0">
              <value>
                <![CDATA[104]]>
              </value>
            </param>
            <param index="1">
              <value>
                <![CDATA[]]>
              </value>
            </param>
            <param index="2">
              <value>
                <![CDATA[滚动到小课]]>
              </value>
            </param>
            <param index="3">
              <value>
                <![CDATA[com.thetiger.ziwork:id/price_tv]]>
              </value>
            </param>
            <param index="4">
              <value>
                <![CDATA[scrolldown]]>
              </value>
            </param>
            <param index="5">
              <value>
                <![CDATA[com.thetiger.ziwork:id/price_tv]]>
              </value>
            </param>
            <param index="6">
              <value>
                <![CDATA[P]]>
              </value>
            </param>
          </params>
          <reporter-output>
          </reporter-output>
        </test-method> <!-- testcase -->
        <test-method status="PASS" signature="failDeal()[pri:0, instance:Sprog.NewTest@57e1b0c]" name="failDeal" is-config="true" duration-ms="1" started-at="2018-03-13T16:20:57Z" finished-at="2018-03-13T16:20:57Z">
          <reporter-output>
            <line>
              <![CDATA[在：2018-03-13 16:20:57:418isFail的状态：true]]>
            </line>
          </reporter-output>
        </test-method> <!-- failDeal -->
        <test-method status="PASS" signature="testcase(java.lang.String, java.lang.String, java.lang.String, java.lang.String, java.lang.String, java.lang.String, java.lang.String)[pri:0, instance:Sprog.NewTest@57e1b0c]" name="testcase" duration-ms="9462" started-at="2018-03-13T16:20:57Z" data-provider="testing" finished-at="2018-03-13T16:21:06Z">
          <params>
            <param index="0">
              <value>
                <![CDATA[105]]>
              </value>
            </param>
            <param index="1">
              <value>
                <![CDATA[]]>
              </value>
            </param>
            <param index="2">
              <value>
                <![CDATA[点击小课第一个]]>
              </value>
            </param>
            <param index="3">
              <value>
                <![CDATA[//android.widget.LinearLayout[@resource-id='com.thetiger.ziwork:id/course_facade_container']/android.widget.LinearLayout/android.support.v7.widget.RecyclerView/android.widget.RelativeLayout]]>
              </value>
            </param>
            <param index="4">
              <value>
                <![CDATA[click]]>
              </value>
            </param>
            <param index="5">
              <value>
                <![CDATA[com.thetiger.ziwork:id/course_head_hint_rl]]>
              </value>
            </param>
            <param index="6">
              <value>
                <![CDATA[P]]>
              </value>
            </param>
          </params>
          <reporter-output>
            <line>
              <![CDATA[在：2018-03-13 16:21:06:881点击了按钮：//android.widget.LinearLayout[@resource-id='com.thetiger.ziwork:id/course_facade_container']/android.widget.LinearLayout/android.support.v7.widget.RecyclerView/android.widget.RelativeLayout]]>
            </line>
          </reporter-output>
        </test-method> <!-- testcase -->
        <test-method status="PASS" signature="failDeal()[pri:0, instance:Sprog.NewTest@57e1b0c]" name="failDeal" is-config="true" duration-ms="1" started-at="2018-03-13T16:21:06Z" finished-at="2018-03-13T16:21:06Z">
          <reporter-output>
            <line>
              <![CDATA[在：2018-03-13 16:21:06:882isFail的状态：true]]>
            </line>
          </reporter-output>
        </test-method> <!-- failDeal -->
        <test-method status="PASS" signature="testcase(java.lang.String, java.lang.String, java.lang.String, java.lang.String, java.lang.String, java.lang.String, java.lang.String)[pri:0, instance:Sprog.NewTest@57e1b0c]" name="testcase" duration-ms="2794" started-at="2018-03-13T16:21:06Z" data-provider="testing" finished-at="2018-03-13T16:21:09Z">
          <params>
            <param index="0">
              <value>
                <![CDATA[106]]>
              </value>
            </param>
            <param index="1">
              <value>
                <![CDATA[]]>
              </value>
            </param>
            <param index="2">
              <value>
                <![CDATA[点击返回]]>
              </value>
            </param>
            <param index="3">
              <value>
                <![CDATA[com.thetiger.ziwork:id/course_back_iv]]>
              </value>
            </param>
            <param index="4">
              <value>
                <![CDATA[click]]>
              </value>
            </param>
            <param index="5">
              <value>
                <![CDATA[com.thetiger.ziwork:id/main_tab_home]]>
              </value>
            </param>
            <param index="6">
              <value>
                <![CDATA[P]]>
              </value>
            </param>
          </params>
          <reporter-output>
            <line>
              <![CDATA[在：2018-03-13 16:21:09:676点击了按钮：com.thetiger.ziwork:id/course_back_iv]]>
            </line>
          </reporter-output>
        </test-method> <!-- testcase -->
        <test-method status="PASS" signature="failDeal()[pri:0, instance:Sprog.NewTest@57e1b0c]" name="failDeal" is-config="true" duration-ms="3" started-at="2018-03-13T16:21:09Z" finished-at="2018-03-13T16:21:09Z">
          <reporter-output>
            <line>
              <![CDATA[在：2018-03-13 16:21:09:679isFail的状态：true]]>
            </line>
          </reporter-output>
        </test-method> <!-- failDeal -->
        <test-method status="PASS" signature="testcase(java.lang.String, java.lang.String, java.lang.String, java.lang.String, java.lang.String, java.lang.String, java.lang.String)[pri:0, instance:Sprog.NewTest@57e1b0c]" name="testcase" duration-ms="1618" started-at="2018-03-13T16:21:09Z" data-provider="testing" finished-at="2018-03-13T16:21:11Z">
          <params>
            <param index="0">
              <value>
                <![CDATA[107]]>
              </value>
            </param>
            <param index="1">
              <value>
                <![CDATA[]]>
              </value>
            </param>
            <param index="2">
              <value>
                <![CDATA[滚动到页面底部]]>
              </value>
            </param>
            <param index="3">
              <value>
                <![CDATA[com.thetiger.ziwork:id/cover_sdv]]>
              </value>
            </param>
            <param index="4">
              <value>
                <![CDATA[scrolldown]]>
              </value>
            </param>
            <param index="5">
              <value>
                <![CDATA[com.thetiger.ziwork:id/cover_sdv]]>
              </value>
            </param>
            <param index="6">
              <value>
                <![CDATA[P]]>
              </value>
            </param>
          </params>
          <reporter-output>
          </reporter-output>
        </test-method> <!-- testcase -->
        <test-method status="PASS" signature="failDeal()[pri:0, instance:Sprog.NewTest@57e1b0c]" name="failDeal" is-config="true" duration-ms="0" started-at="2018-03-13T16:21:11Z" finished-at="2018-03-13T16:21:11Z">
          <reporter-output>
            <line>
              <![CDATA[在：2018-03-13 16:21:11:297isFail的状态：true]]>
            </line>
          </reporter-output>
        </test-method> <!-- failDeal -->
        <test-method status="PASS" signature="testcase(java.lang.String, java.lang.String, java.lang.String, java.lang.String, java.lang.String, java.lang.String, java.lang.String)[pri:0, instance:Sprog.NewTest@57e1b0c]" name="testcase" duration-ms="1499" started-at="2018-03-13T16:21:11Z" data-provider="testing" finished-at="2018-03-13T16:21:12Z">
          <params>
            <param index="0">
              <value>
                <![CDATA[108]]>
              </value>
            </param>
            <param index="1">
              <value>
                <![CDATA[]]>
              </value>
            </param>
            <param index="2">
              <value>
                <![CDATA[点击书屋第一个]]>
              </value>
            </param>
            <param index="3">
              <value>
                <![CDATA[com.thetiger.ziwork:id/cover_sdv]]>
              </value>
            </param>
            <param index="4">
              <value>
                <![CDATA[click]]>
              </value>
            </param>
            <param index="5">
              <value>
                <![CDATA[com.thetiger.ziwork:id/book_name_tv]]>
              </value>
            </param>
            <param index="6">
              <value>
                <![CDATA[P]]>
              </value>
            </param>
          </params>
          <reporter-output>
            <line>
              <![CDATA[在：2018-03-13 16:21:12:796点击了按钮：com.thetiger.ziwork:id/cover_sdv]]>
            </line>
          </reporter-output>
        </test-method> <!-- testcase -->
        <test-method status="PASS" signature="failDeal()[pri:0, instance:Sprog.NewTest@57e1b0c]" name="failDeal" is-config="true" duration-ms="0" started-at="2018-03-13T16:21:12Z" finished-at="2018-03-13T16:21:12Z">
          <reporter-output>
            <line>
              <![CDATA[在：2018-03-13 16:21:12:796isFail的状态：true]]>
            </line>
          </reporter-output>
        </test-method> <!-- failDeal -->
        <test-method status="PASS" signature="testcase(java.lang.String, java.lang.String, java.lang.String, java.lang.String, java.lang.String, java.lang.String, java.lang.String)[pri:0, instance:Sprog.NewTest@57e1b0c]" name="testcase" duration-ms="9204" started-at="2018-03-13T16:21:12Z" data-provider="testing" finished-at="2018-03-13T16:21:22Z">
          <params>
            <param index="0">
              <value>
                <![CDATA[109]]>
              </value>
            </param>
            <param index="1">
              <value>
                <![CDATA[]]>
              </value>
            </param>
            <param index="2">
              <value>
                <![CDATA[点击返回]]>
              </value>
            </param>
            <param index="3">
              <value>
                <![CDATA[//android.widget.ImageButton[@content-desc='转到上一层级']]]>
              </value>
            </param>
            <param index="4">
              <value>
                <![CDATA[click]]>
              </value>
            </param>
            <param index="5">
              <value>
                <![CDATA[com.thetiger.ziwork:id/main_tab_home]]>
              </value>
            </param>
            <param index="6">
              <value>
                <![CDATA[P]]>
              </value>
            </param>
          </params>
          <reporter-output>
            <line>
              <![CDATA[在：2018-03-13 16:21:22:000点击了按钮：//android.widget.ImageButton[@content-desc='转到上一层级']]]>
            </line>
          </reporter-output>
        </test-method> <!-- testcase -->
        <test-method status="PASS" signature="failDeal()[pri:0, instance:Sprog.NewTest@57e1b0c]" name="failDeal" is-config="true" duration-ms="2" started-at="2018-03-13T16:21:22Z" finished-at="2018-03-13T16:21:22Z">
          <reporter-output>
            <line>
              <![CDATA[在：2018-03-13 16:21:22:002isFail的状态：true]]>
            </line>
          </reporter-output>
        </test-method> <!-- failDeal -->
        <test-method status="PASS" signature="testcase(java.lang.String, java.lang.String, java.lang.String, java.lang.String, java.lang.String, java.lang.String, java.lang.String)[pri:0, instance:Sprog.NewTest@57e1b0c]" name="testcase" duration-ms="13001" started-at="2018-03-13T16:21:22Z" data-provider="testing" finished-at="2018-03-13T16:21:35Z">
          <params>
            <param index="0">
              <value>
                <![CDATA[110]]>
              </value>
            </param>
            <param index="1">
              <value>
                <![CDATA[]]>
              </value>
            </param>
            <param index="2">
              <value>
                <![CDATA[重启下app]]>
              </value>
            </param>
            <param index="3">
              <value>
                <![CDATA[restart]]>
              </value>
            </param>
            <param index="4">
              <value>
                <![CDATA[restart]]>
              </value>
            </param>
            <param index="5">
              <value>
                <![CDATA[]]>
              </value>
            </param>
            <param index="6">
              <value>
                <![CDATA[P]]>
              </value>
            </param>
          </params>
          <reporter-output>
            <line>
              <![CDATA[在：2018-03-13 16:21:33:003重启了app]]>
            </line>
          </reporter-output>
        </test-method> <!-- testcase -->
        <test-method status="PASS" signature="failDeal()[pri:0, instance:Sprog.NewTest@57e1b0c]" name="failDeal" is-config="true" duration-ms="1" started-at="2018-03-13T16:21:35Z" finished-at="2018-03-13T16:21:35Z">
          <reporter-output>
            <line>
              <![CDATA[在：2018-03-13 16:21:35:004isFail的状态：true]]>
            </line>
          </reporter-output>
        </test-method> <!-- failDeal -->
        <test-method status="PASS" signature="afterClass()[pri:0, instance:Sprog.NewTest@57e1b0c]" name="afterClass" is-config="true" duration-ms="1740" started-at="2018-03-13T16:21:35Z" finished-at="2018-03-13T16:21:36Z">
          <reporter-output>
          </reporter-output>
        </test-method> <!-- afterClass -->
        <test-method status="PASS" signature="afterSuite()[pri:0, instance:Sprog.NewTest@57e1b0c]" name="afterSuite" is-config="true" duration-ms="69" started-at="2018-03-13T16:21:36Z" finished-at="2018-03-13T16:21:36Z">
          <reporter-output>
          </reporter-output>
        </test-method> <!-- afterSuite -->
      </class> <!-- Sprog.NewTest -->
    </test> <!-- Test -->
  </suite> <!-- Suite -->
</testng-results>
