<?xml version="1.0" encoding="UTF-8"?>
<testsuite xmlns:xsi="http://www.w3.org/2001/XMLSchema-instance" xsi:noNamespaceSchemaLocation="https://maven.apache.org/surefire/maven-surefire-plugin/xsd/surefire-test-report.xsd" name="TestSuite" time="543.215" tests="111" errors="0" skipped="0" failures="10">
  <properties>
[...]
</properties>
  <testcase name="testcase" classname="Sprog.NewTest" time="0.016">
    <failure type="java.lang.NullPointerException">java.lang.NullPointerException
	at Sprog.NewTest.testcase(NewTest.java:13)
</failure>
    <system-err><![CDATA[三月 13, 2018 4:12:53 下午 org.openqa.selenium.remote.ProtocolHandshake createSession
信息: Detected dialect: OSS
]]></system-err>
  </testcase>
  <testcase name="testcase" classname="Sprog.NewTest" time="3.071"/>
  <testcase name="testcase" classname="Sprog.NewTest" time="6.882"/>
  <testcase name="testcase" classname="Sprog.NewTest" time="1.467"/>
  <testcase name="testcase" classname="Sprog.NewTest" time="7.043"/>
  <testcase name="testcase" classname="Sprog.NewTest" time="1.057"/>
  <testcase name="testcase" classname="Sprog.NewTest" time="7.837">
    <failure message="expected [true] but found [false]" type="java.lang.AssertionError">java.lang.AssertionError: expected [true] but found [false]
	at Sprog.NewTest.testcase(NewTest.java:13)
</failure>
    <system-out><![CDATA[在：2018-03-13 16:13:14:430isFail的状态：true
在：2018-03-13 16:13:22:268控件：com.thetiger.ziwork:id/edit_et不存在
]]></system-out>
  </testcase>
  <testcase name="testcase" classname="Sprog.NewTest" time="9.895">
    <failure message="expected [true] but found [false]" type="java.lang.AssertionError">java.lang.AssertionError: expected [true] but found [false]
	at Sprog.NewTest.testcase(NewTest.java:13)
</failure>
    <system-out><![CDATA[在：2018-03-13 16:13:22:268isFail的状态：true
在：2018-03-13 16:13:32:163控件：//android.widget.EditText[@text='如：文案达人']不存在
]]></system-out>
  </testcase>
  <testcase name="testcase" classname="Sprog.NewTest" time="5.374">
    <failure message="expected [true] but found [false]" type="java.lang.AssertionError">java.lang.AssertionError: expected [true] but found [false]
	at Sprog.NewTest.testcase(NewTest.java:13)
</failure>
    <system-out><![CDATA[在：2018-03-13 16:13:32:163isFail的状态：true
在：2018-03-13 16:13:37:519控件：com.thetiger.ziwork:id/submit_tv不存在
]]></system-out>
  </testcase>
  <testcase name="testcase" classname="Sprog.NewTest" time="3.233"/>
  <testcase name="testcase" classname="Sprog.NewTest" time="5.035">
    <failure message="expected [true] but found [false]" type="java.lang.AssertionError">java.lang.AssertionError: expected [true] but found [false]
	at Sprog.NewTest.testcase(NewTest.java:13)
</failure>
    <system-out><![CDATA[在：2018-03-13 16:13:40:771isFail的状态：true
在：2018-03-13 16:13:45:805控件：com.thetiger.ziwork:id/guide_target_view不存在
]]></system-out>
  </testcase>
  <testcase name="testcase" classname="Sprog.NewTest" time="5.261">
    <failure message="expected [true] but found [false]" type="java.lang.AssertionError">java.lang.AssertionError: expected [true] but found [false]
	at Sprog.NewTest.testcase(NewTest.java:13)
</failure>
    <system-out><![CDATA[在：2018-03-13 16:13:45:807isFail的状态：true
在：2018-03-13 16:13:51:070控件：com.thetiger.ziwork:id/guide_bottom_ly不存在
]]></system-out>
  </testcase>
  <testcase name="testcase" classname="Sprog.NewTest" time="14.501"/>
  <testcase name="testcase" classname="Sprog.NewTest" time="1.507"/>
  <testcase name="testcase" classname="Sprog.NewTest" time="6.372"/>
  <testcase name="testcase" classname="Sprog.NewTest" time="1.587"/>
  <testcase name="testcase" classname="Sprog.NewTest" time="6.873"/>
  <testcase name="testcase" classname="Sprog.NewTest" time="1.974"/>
  <testcase name="testcase" classname="Sprog.NewTest" time="6.748">
    <failure message="expected [true] but found [false]" type="java.lang.AssertionError">java.lang.AssertionError: expected [true] but found [false]
	at Sprog.NewTest.testcase(NewTest.java:13)
</failure>
    <system-out><![CDATA[在：2018-03-13 16:14:23:880isFail的状态：true
在：2018-03-13 16:14:30:627控件：com.thetiger.ziwork:id/edit_et不存在
]]></system-out>
  </testcase>
  <testcase name="testcase" classname="Sprog.NewTest" time="6.566">
    <failure message="expected [true] but found [false]" type="java.lang.AssertionError">java.lang.AssertionError: expected [true] but found [false]
	at Sprog.NewTest.testcase(NewTest.java:13)
</failure>
    <system-out><![CDATA[在：2018-03-13 16:14:30:629isFail的状态：true
在：2018-03-13 16:14:37:185控件：//android.widget.EditText[@text='如：文案达人']不存在
]]></system-out>
  </testcase>
  <testcase name="testcase" classname="Sprog.NewTest" time="5.555">
    <failure message="expected [true] but found [false]" type="java.lang.AssertionError">java.lang.AssertionError: expected [true] but found [false]
	at Sprog.NewTest.testcase(NewTest.java:13)
</failure>
    <system-out><![CDATA[在：2018-03-13 16:14:37:185isFail的状态：true
在：2018-03-13 16:14:42:743控件：com.thetiger.ziwork:id/submit_tv不存在
]]></system-out>
  </testcase>
  <testcase name="testcase" classname="Sprog.NewTest" time="7.632">
    <failure message="expected [true] but found [false]" type="java.lang.AssertionError">java.lang.AssertionError: expected [true] but found [false]
	at Sprog.NewTest.testcase(NewTest.java:13)
</failure>
    <system-out><![CDATA[在：2018-03-13 16:14:42:745isFail的状态：true
在：2018-03-13 16:14:50:386控件：//android.widget.ImageButton[@content-desc='转到上一层级']不存在
]]></system-out>
  </testcase>
  <testcase name="testcase" classname="Sprog.NewTest" time="4.267"/>
  <testcase name="testcase" classname="Sprog.NewTest" time="0.988"/>
  <testcase name="testcase" classname="Sprog.NewTest" time="2.184"/>
  <testcase name="testcase" classname="Sprog.NewTest" time="8.602"/>
  <testcase name="testcase" classname="Sprog.NewTest" time="6.851"/>
  <testcase name="testcase" classname="Sprog.NewTest" time="2.155"/>
  <testcase name="testcase" classname="Sprog.NewTest" time="7.764"/>
  <testcase name="testcase" classname="Sprog.NewTest" time="6.426"/>
  <testcase name="testcase" classname="Sprog.NewTest" time="1.961"/>
  <testcase name="testcase" classname="Sprog.NewTest" time="2.488"/>
  <testcase name="testcase" classname="Sprog.NewTest" time="2.22"/>
  <testcase name="testcase" classname="Sprog.NewTest" time="1.672"/>
  <testcase name="testcase" classname="Sprog.NewTest" time="10.509"/>
  <testcase name="testcase" classname="Sprog.NewTest" time="5.733"/>
  <testcase name="testcase" classname="Sprog.NewTest" time="1.744"/>
  <testcase name="testcase" classname="Sprog.NewTest" time="11.477"/>
  <testcase name="testcase" classname="Sprog.NewTest" time="5.006"/>
  <testcase name="testcase" classname="Sprog.NewTest" time="1.702"/>
  <testcase name="testcase" classname="Sprog.NewTest" time="10.945"/>
  <testcase name="testcase" classname="Sprog.NewTest" time="5.896"/>
  <testcase name="testcase" classname="Sprog.NewTest" time="1.823"/>
  <testcase name="testcase" classname="Sprog.NewTest" time="1.544"/>
  <testcase name="testcase" classname="Sprog.NewTest" time="1.885"/>
  <testcase name="testcase" classname="Sprog.NewTest" time="2.107"/>
  <testcase name="testcase" classname="Sprog.NewTest" time="1.187"/>
  <testcase name="testcase" classname="Sprog.NewTest" time="1.979"/>
  <testcase name="testcase" classname="Sprog.NewTest" time="2.297"/>
  <testcase name="testcase" classname="Sprog.NewTest" time="1.621"/>
  <testcase name="testcase" classname="Sprog.NewTest" time="6.738"/>
  <testcase name="testcase" classname="Sprog.NewTest" time="5.852"/>
  <testcase name="testcase" classname="Sprog.NewTest" time="2.619"/>
  <testcase name="testcase" classname="Sprog.NewTest" time="1.512"/>
  <testcase name="testcase" classname="Sprog.NewTest" time="2.419"/>
  <testcase name="testcase" classname="Sprog.NewTest" time="3.163"/>
  <testcase name="testcase" classname="Sprog.NewTest" time="2.041"/>
  <testcase name="testcase" classname="Sprog.NewTest" time="3.651"/>
  <testcase name="testcase" classname="Sprog.NewTest" time="5.382"/>
  <testcase name="testcase" classname="Sprog.NewTest" time="0.994"/>
  <testcase name="testcase" classname="Sprog.NewTest" time="3.291"/>
  <testcase name="testcase" classname="Sprog.NewTest" time="2.06"/>
  <testcase name="testcase" classname="Sprog.NewTest" time="1.764"/>
  <testcase name="testcase" classname="Sprog.NewTest" time="4.035"/>
  <testcase name="testcase" classname="Sprog.NewTest" time="0.608"/>
  <testcase name="testcase" classname="Sprog.NewTest" time="4.02"/>
  <testcase name="testcase" classname="Sprog.NewTest" time="8.542"/>
  <testcase name="testcase" classname="Sprog.NewTest" time="1.008"/>
  <testcase name="testcase" classname="Sprog.NewTest" time="7.57"/>
  <testcase name="testcase" classname="Sprog.NewTest" time="2.202"/>
  <testcase name="testcase" classname="Sprog.NewTest" time="1.414"/>
  <testcase name="testcase" classname="Sprog.NewTest" time="7.46"/>
  <testcase name="testcase" classname="Sprog.NewTest" time="1.407"/>
  <testcase name="testcase" classname="Sprog.NewTest" time="1.586"/>
  <testcase name="testcase" classname="Sprog.NewTest" time="13.894"/>
  <testcase name="testcase" classname="Sprog.NewTest" time="1.102"/>
  <testcase name="testcase" classname="Sprog.NewTest" time="6.519"/>
  <testcase name="testcase" classname="Sprog.NewTest" time="1.26"/>
  <testcase name="testcase" classname="Sprog.NewTest" time="7.054"/>
  <testcase name="testcase" classname="Sprog.NewTest" time="1.86"/>
  <testcase name="testcase" classname="Sprog.NewTest" time="5.748"/>
  <testcase name="testcase" classname="Sprog.NewTest" time="0.8"/>
  <testcase name="testcase" classname="Sprog.NewTest" time="2.292"/>
  <testcase name="testcase" classname="Sprog.NewTest" time="2.066"/>
  <testcase name="testcase" classname="Sprog.NewTest" time="8.574"/>
  <testcase name="testcase" classname="Sprog.NewTest" time="6.358"/>
  <testcase name="testcase" classname="Sprog.NewTest" time="3.048"/>
  <testcase name="testcase" classname="Sprog.NewTest" time="1.325"/>
  <testcase name="testcase" classname="Sprog.NewTest" time="4.047"/>
  <testcase name="testcase" classname="Sprog.NewTest" time="8.351"/>
  <testcase name="testcase" classname="Sprog.NewTest" time="8.383"/>
  <testcase name="testcase" classname="Sprog.NewTest" time="6.985"/>
  <testcase name="testcase" classname="Sprog.NewTest" time="1.875"/>
  <testcase name="testcase" classname="Sprog.NewTest" time="7.754"/>
  <testcase name="testcase" classname="Sprog.NewTest" time="5.969"/>
  <testcase name="testcase" classname="Sprog.NewTest" time="7.851"/>
  <testcase name="testcase" classname="Sprog.NewTest" time="1.659"/>
  <testcase name="testcase" classname="Sprog.NewTest" time="7.922"/>
  <testcase name="testcase" classname="Sprog.NewTest" time="11.449"/>
  <testcase name="testcase" classname="Sprog.NewTest" time="7.409"/>
  <testcase name="testcase" classname="Sprog.NewTest" time="1.64"/>
  <testcase name="testcase" classname="Sprog.NewTest" time="8.027"/>
  <testcase name="testcase" classname="Sprog.NewTest" time="8.163"/>
  <testcase name="testcase" classname="Sprog.NewTest" time="9.517"/>
  <testcase name="testcase" classname="Sprog.NewTest" time="1.669"/>
  <testcase name="testcase" classname="Sprog.NewTest" time="9.464"/>
  <testcase name="testcase" classname="Sprog.NewTest" time="2.795"/>
  <testcase name="testcase" classname="Sprog.NewTest" time="1.614"/>
  <testcase name="testcase" classname="Sprog.NewTest" time="1.498"/>
  <testcase name="testcase" classname="Sprog.NewTest" time="9.206"/>
  <testcase name="testcase" classname="Sprog.NewTest" time="13"/>
</testsuite>