<?xml version="1.0" encoding="UTF-8"?>
<testng-results skipped="0" failed="0" total="1" passed="1">
  <reporter-output>
  </reporter-output>
  <suite name="Default suite" duration-ms="3842" started-at="2018-03-06T06:54:09Z" finished-at="2018-03-06T06:54:13Z">
    <groups>
    </groups>
    <test name="Default test" duration-ms="3842" started-at="2018-03-06T06:54:09Z" finished-at="2018-03-06T06:54:13Z">
      <class name="Sprog.writeoutdata">
        <test-method status="PASS" signature="f()[pri:0, instance:Sprog.writeoutdata@5700d6b1]" name="f" duration-ms="3825" started-at="2018-03-06T14:54:09Z" finished-at="2018-03-06T14:54:13Z">
          <reporter-output>
          </reporter-output>
        </test-method> <!-- f -->
      </class> <!-- Sprog.writeoutdata -->
    </test> <!-- Default test -->
  </suite> <!-- Default suite -->
</testng-results>
